13:21:16.892 [main] INFO  Vista.loginInMedico - Usuario: Actividad: Se inicia logInMedico()
13:21:22.139 [AWT-EventQueue-0] INFO  Vista.loginInMedico - Usuario: Actividad: Se inicia ValidarAcceso()
13:21:22.139 [AWT-EventQueue-0] INFO  Vista.loginInMedico - Usuario: Actividad: Se inicia ValidarAcceso()
13:21:22.414 [AWT-EventQueue-0] INFO  Vista.loginInMedico - Usuario: Actividad: Se inicia ingresa: usuarioadmin
13:21:22.421 [AWT-EventQueue-0] INFO  Controlador.controladorBD - SistemaLogger.log
13:21:22.429 [AWT-EventQueue-0] INFO  Controlador.controladorBD - SistemaLogger.log
13:21:22.433 [AWT-EventQueue-0] INFO  Vista.loginInMedico - Usuario: Actividad: Se inicia sesión por: admin
13:21:22.433 [AWT-EventQueue-0] INFO  Controlador.controladorBD - SistemaLogger.log
13:21:22.434 [AWT-EventQueue-0] INFO  Vista.loginInMedico - Bienvenido al sistema
13:21:22.531 [AWT-EventQueue-0] INFO  Vista.vistaPrincipal - Usuario: Actividad: Se inicia el sistema control médico
13:21:25.402 [AWT-EventQueue-0] INFO  Controlador.controladorBD - Ejecutando obtenerListaMedicos
13:21:25.403 [AWT-EventQueue-0] INFO  Controlador.controladorBD - SistemaLogger.log
13:21:25.491 [AWT-EventQueue-0] INFO  Vista.vistaPrincipal - Usuario: Actividad: Se inicia la vistaRegistroPaciente()
13:21:25.502 [AWT-EventQueue-0] INFO  Vista.vistaPrincipal - Usuario: Actividad: Se cierra la vistaRegistroPaciente()
13:21:27.021 [AWT-EventQueue-0] INFO  Controlador.controladorBD - Ejecutando obtenerListaMedicos
13:21:27.022 [AWT-EventQueue-0] INFO  Controlador.controladorBD - SistemaLogger.log
13:21:27.958 [AWT-EventQueue-0] INFO  Controlador.controladorBD - SistemaLogger.log
13:21:27.969 [AWT-EventQueue-0] INFO  Controlador.controladorBD - SistemaLogger.log
13:21:27.970 [AWT-EventQueue-0] INFO  Controlador.controladorBD - SistemaLogger.log
13:21:27.996 [AWT-EventQueue-0] INFO  Controlador.controladorBD - Ejecutando obtenerListaMedicos
13:21:27.996 [AWT-EventQueue-0] INFO  Controlador.controladorBD - SistemaLogger.log
13:21:28.038 [AWT-EventQueue-0] INFO  Controlador.controladorBD - Ejecutando obtenerListaMedicos
13:21:28.038 [AWT-EventQueue-0] INFO  Controlador.controladorBD - SistemaLogger.log
13:22:01.637 [AWT-EventQueue-0] INFO  Controlador.controladorBD - SistemaLogger.log
13:22:01.648 [AWT-EventQueue-0] INFO  Controlador.controladorBD - SistemaLogger.log
13:22:01.673 [AWT-EventQueue-0] INFO  Vista.vistaPrincipal - Usuario: Actividad: Se inicia el sistema control médico
13:22:07.404 [AWT-EventQueue-0] INFO  Vista.vistaPrincipal - Usuario: Actividad: Se inicia la vistaPacientes()
13:22:18.058 [AWT-EventQueue-0] INFO  Controlador.controladorBD - SistemaLogger.log
13:22:18.065 [AWT-EventQueue-0] INFO  Controlador.controladorBD - SistemaLogger.log
13:22:18.065 [AWT-EventQueue-0] INFO  Controlador.controladorBD - SistemaLogger.log
13:22:35.407 [AWT-EventQueue-0] INFO  Controlador.controladorBD - Ejecutando obtenerListaMedicos
13:22:35.408 [AWT-EventQueue-0] INFO  Controlador.controladorBD - SistemaLogger.log
13:22:35.428 [AWT-EventQueue-0] INFO  Vista.vistaPrincipal - Usuario: Actividad: Se inicia la vistaRegistroPaciente()
13:22:35.437 [AWT-EventQueue-0] INFO  Vista.vistaPrincipal - Usuario: Actividad: Se cierra la vistaRegistroPaciente()
13:22:36.997 [AWT-EventQueue-0] INFO  Controlador.controladorBD - Ejecutando obtenerListaMedicos
13:22:36.998 [AWT-EventQueue-0] INFO  Controlador.controladorBD - SistemaLogger.log
13:22:39.592 [AWT-EventQueue-0] INFO  Controlador.controladorBD - SistemaLogger.log
13:22:39.605 [AWT-EventQueue-0] INFO  Controlador.controladorBD - SistemaLogger.log
13:22:39.606 [AWT-EventQueue-0] INFO  Controlador.controladorBD - SistemaLogger.log
13:22:39.628 [AWT-EventQueue-0] INFO  Controlador.controladorBD - Ejecutando obtenerListaMedicos
13:22:39.628 [AWT-EventQueue-0] INFO  Controlador.controladorBD - SistemaLogger.log
13:22:39.666 [AWT-EventQueue-0] INFO  Controlador.controladorBD - Ejecutando obtenerListaMedicos
13:22:39.666 [AWT-EventQueue-0] INFO  Controlador.controladorBD - SistemaLogger.log
13:23:03.335 [AWT-EventQueue-0] INFO  Controlador.controladorBD - SistemaLogger.log
13:23:03.349 [AWT-EventQueue-0] INFO  Controlador.controladorBD - SistemaLogger.log
13:23:03.372 [AWT-EventQueue-0] INFO  Vista.vistaPrincipal - Usuario: Actividad: Se inicia el sistema control médico
13:23:04.706 [AWT-EventQueue-0] INFO  Vista.vistaPrincipal - Usuario: Actividad: Se inicia la vistaPacientes()
13:23:15.727 [AWT-EventQueue-0] INFO  Controlador.controladorBD - SistemaLogger.log
13:23:15.734 [AWT-EventQueue-0] INFO  Controlador.controladorBD - SistemaLogger.log
13:23:15.734 [AWT-EventQueue-0] INFO  Controlador.controladorBD - SistemaLogger.log
13:33:29.812 [main] INFO  Vista.loginInMedico - Usuario: Actividad: Se inicia logInMedico()
13:33:35.822 [AWT-EventQueue-0] INFO  Vista.loginInMedico - Usuario: Actividad: Se inicia ValidarAcceso()
13:33:35.822 [AWT-EventQueue-0] INFO  Vista.loginInMedico - Usuario: Actividad: Se inicia ValidarAcceso()
13:33:36.103 [AWT-EventQueue-0] INFO  Vista.loginInMedico - Usuario: Actividad: Se inicia ingresa: usuarioadmin
13:33:36.110 [AWT-EventQueue-0] INFO  Controlador.controladorBD - SistemaLogger.log
13:33:36.117 [AWT-EventQueue-0] INFO  Controlador.controladorBD - SistemaLogger.log
13:33:36.124 [AWT-EventQueue-0] INFO  Vista.loginInMedico - Usuario: Actividad: Se inicia sesión por: admin
13:33:36.124 [AWT-EventQueue-0] INFO  Controlador.controladorBD - SistemaLogger.log
13:33:36.125 [AWT-EventQueue-0] INFO  Vista.loginInMedico - Bienvenido al sistema
13:33:36.208 [AWT-EventQueue-0] INFO  Vista.vistaPrincipal - Usuario: Actividad: Se inicia el sistema control médico
13:33:44.506 [AWT-EventQueue-0] INFO  Controlador.controladorBD - Ejecutando obtenerListaMedicos
13:33:44.507 [AWT-EventQueue-0] INFO  Controlador.controladorBD - SistemaLogger.log
13:33:44.598 [AWT-EventQueue-0] INFO  Vista.vistaPrincipal - Usuario: Actividad: Se inicia la vistaRegistroPaciente()
13:33:44.606 [AWT-EventQueue-0] INFO  Vista.vistaPrincipal - Usuario: Actividad: Se cierra la vistaRegistroPaciente()
13:33:45.901 [AWT-EventQueue-0] INFO  Controlador.controladorBD - Ejecutando obtenerListaMedicos
13:33:45.902 [AWT-EventQueue-0] INFO  Controlador.controladorBD - SistemaLogger.log
13:33:47.074 [AWT-EventQueue-0] INFO  Controlador.controladorBD - SistemaLogger.log
13:33:47.089 [AWT-EventQueue-0] INFO  Controlador.controladorBD - SistemaLogger.log
13:33:47.089 [AWT-EventQueue-0] INFO  Controlador.controladorBD - SistemaLogger.log
13:33:47.117 [AWT-EventQueue-0] INFO  Controlador.controladorBD - Ejecutando obtenerListaMedicos
13:33:47.118 [AWT-EventQueue-0] INFO  Controlador.controladorBD - SistemaLogger.log
13:33:47.166 [AWT-EventQueue-0] INFO  Controlador.controladorBD - Ejecutando obtenerListaMedicos
13:33:47.167 [AWT-EventQueue-0] INFO  Controlador.controladorBD - SistemaLogger.log
13:35:03.016 [AWT-EventQueue-0] INFO  Controlador.controladorBD - SistemaLogger.log
13:35:03.030 [AWT-EventQueue-0] INFO  Controlador.controladorBD - SistemaLogger.log
13:35:03.048 [AWT-EventQueue-0] INFO  Vista.vistaPrincipal - Usuario: Actividad: Se inicia el sistema control médico
13:35:04.809 [AWT-EventQueue-0] INFO  Vista.vistaPrincipal - Usuario: Actividad: Se inicia la vistaPacientes()
13:41:19.805 [main] INFO  Vista.loginInMedico - Usuario: Actividad: Se inicia logInMedico()
13:41:26.076 [AWT-EventQueue-0] INFO  Vista.loginInMedico - Usuario: Actividad: Se inicia ValidarAcceso()
13:41:26.076 [AWT-EventQueue-0] INFO  Vista.loginInMedico - Usuario: Actividad: Se inicia ValidarAcceso()
13:41:26.352 [AWT-EventQueue-0] INFO  Vista.loginInMedico - Usuario: Actividad: Se inicia ingresa: usuarioadmin
13:41:26.359 [AWT-EventQueue-0] INFO  Controlador.controladorBD - SistemaLogger.log
13:41:26.366 [AWT-EventQueue-0] INFO  Controlador.controladorBD - SistemaLogger.log
13:41:26.370 [AWT-EventQueue-0] INFO  Vista.loginInMedico - Usuario: Actividad: Se inicia sesión por: admin
13:41:26.371 [AWT-EventQueue-0] INFO  Controlador.controladorBD - SistemaLogger.log
13:41:26.371 [AWT-EventQueue-0] INFO  Vista.loginInMedico - Bienvenido al sistema
13:41:26.456 [AWT-EventQueue-0] INFO  Vista.vistaPrincipal - Usuario: Actividad: Se inicia el sistema control médico
13:41:32.899 [AWT-EventQueue-0] INFO  Controlador.controladorBD - Ejecutando obtenerListaMedicos
13:41:32.900 [AWT-EventQueue-0] INFO  Controlador.controladorBD - SistemaLogger.log
13:41:32.987 [AWT-EventQueue-0] INFO  Vista.vistaPrincipal - Usuario: Actividad: Se inicia la vistaRegistroPaciente()
13:41:32.996 [AWT-EventQueue-0] INFO  Vista.vistaPrincipal - Usuario: Actividad: Se cierra la vistaRegistroPaciente()
13:42:20.300 [AWT-EventQueue-0] INFO  Controlador.controladorBD - Ejecutando obtenerListaMedicos
13:42:20.300 [AWT-EventQueue-0] INFO  Controlador.controladorBD - SistemaLogger.log
13:42:21.515 [AWT-EventQueue-0] INFO  Controlador.controladorBD - SistemaLogger.log
13:42:21.528 [AWT-EventQueue-0] INFO  Controlador.controladorBD - SistemaLogger.log
13:42:21.528 [AWT-EventQueue-0] INFO  Controlador.controladorBD - SistemaLogger.log
13:42:21.562 [AWT-EventQueue-0] INFO  Controlador.controladorBD - Ejecutando obtenerListaMedicos
13:42:21.563 [AWT-EventQueue-0] INFO  Controlador.controladorBD - SistemaLogger.log
13:42:21.605 [AWT-EventQueue-0] INFO  Controlador.controladorBD - Ejecutando obtenerListaMedicos
13:42:21.606 [AWT-EventQueue-0] INFO  Controlador.controladorBD - SistemaLogger.log
13:42:56.328 [AWT-EventQueue-0] INFO  Controlador.controladorBD - SistemaLogger.log
13:42:56.341 [AWT-EventQueue-0] INFO  Controlador.controladorBD - SistemaLogger.log
13:42:56.355 [AWT-EventQueue-0] INFO  Vista.vistaPrincipal - Usuario: Actividad: Se inicia el sistema control médico
13:42:57.855 [AWT-EventQueue-0] INFO  Vista.vistaPrincipal - Usuario: Actividad: Se inicia la vistaPacientes()
13:43:08.763 [AWT-EventQueue-0] INFO  Controlador.controladorBD - SistemaLogger.log
13:43:12.432 [AWT-EventQueue-0] INFO  Vista.vistaCitas - SistemaLogger.log
13:43:12.441 [AWT-EventQueue-0] INFO  Vista.vistaCitas - SistemaLogger.log
13:43:13.964 [AWT-EventQueue-0] INFO  Vista.vistaCitas - SistemaLogger.log
13:43:14.557 [AWT-EventQueue-0] INFO  Vista.vistaPrincipal - Usuario: Actividad: Se inicia la vistaPacientes()
13:43:16.747 [AWT-EventQueue-0] INFO  Controlador.controladorBD - SistemaLogger.log
13:43:16.754 [AWT-EventQueue-0] INFO  Controlador.controladorBD - SistemaLogger.log
13:43:16.755 [AWT-EventQueue-0] INFO  Controlador.controladorBD - SistemaLogger.log
13:43:18.547 [AWT-EventQueue-0] INFO  Vista.vistaPrincipal - Usuario: Actividad: Se inicia la vistaPacientes()
13:43:22.261 [AWT-EventQueue-0] INFO  Vista.vistaPrincipal - Usuario: Actividad: Se inicia la vistaControlDatos()
13:43:24.752 [AWT-EventQueue-0] INFO  Vista.vistaCitas - SistemaLogger.log
13:43:24.760 [AWT-EventQueue-0] INFO  Vista.vistaCitas - SistemaLogger.log
13:43:32.039 [AWT-EventQueue-0] INFO  Vista.vistaCitas - SistemaLogger.log
13:43:42.376 [AWT-EventQueue-0] INFO  Vista.vistaCitas - SistemaLogger.log
13:43:44.868 [AWT-EventQueue-0] INFO  Vista.vistaPrincipal - Usuario: Actividad: Se inicia la vistaPacientes()
13:43:46.559 [AWT-EventQueue-0] INFO  Controlador.controladorBD - SistemaLogger.log
13:43:46.566 [AWT-EventQueue-0] INFO  Controlador.controladorBD - SistemaLogger.log
13:43:46.566 [AWT-EventQueue-0] INFO  Controlador.controladorBD - SistemaLogger.log
13:43:49.196 [AWT-EventQueue-0] INFO  Controlador.controladorBD - SistemaLogger.log
13:43:49.202 [AWT-EventQueue-0] INFO  Controlador.controladorBD - SistemaLogger.log
13:43:49.203 [AWT-EventQueue-0] INFO  Controlador.controladorBD - SistemaLogger.log
13:43:53.169 [AWT-EventQueue-0] INFO  Vista.vistaPrincipal - Usuario: Actividad: Se inicia la vistaControlDatos()
13:44:01.872 [AWT-EventQueue-0] INFO  Vista.vistaCitas - SistemaLogger.log
13:44:01.879 [AWT-EventQueue-0] INFO  Vista.vistaCitas - SistemaLogger.log
13:44:47.941 [AWT-EventQueue-0] INFO  Controlador.controladorBD - SistemaLogger.log
13:44:47.953 [AWT-EventQueue-0] INFO  Controlador.controladorBD - SistemaLogger.log
13:44:47.958 [AWT-EventQueue-0] INFO  Vista.vistaCitas - SistemaLogger.log
13:44:50.334 [AWT-EventQueue-0] INFO  Vista.vistaCitas - SistemaLogger.log
13:44:50.341 [AWT-EventQueue-0] INFO  Vista.vistaCitas - SistemaLogger.log
13:44:58.519 [AWT-EventQueue-0] INFO  Vista.vistaCitas - SistemaLogger.log
13:46:42.559 [AWT-EventQueue-0] INFO  Controlador.controladorBD - SistemaLogger.log
13:46:42.571 [AWT-EventQueue-0] INFO  Controlador.controladorBD - SistemaLogger.log
13:46:47.311 [AWT-EventQueue-0] INFO  Vista.vistaCitas - SistemaLogger.log
13:47:02.279 [AWT-EventQueue-0] INFO  Vista.vistaCitas - SistemaLogger.log
13:47:15.080 [AWT-EventQueue-0] INFO  Vista.vistaCitas - SistemaLogger.log
13:47:22.040 [AWT-EventQueue-0] INFO  Vista.vistaPrincipal - Usuario: El sistema finalizo correctamente.
16:53:58.752 [main] INFO  Vista.loginInMedico - Usuario: Actividad: Se inicia logInMedico()
16:54:05.024 [AWT-EventQueue-0] INFO  Vista.loginInMedico - Usuario: Actividad: Se inicia ValidarAcceso()
16:54:05.024 [AWT-EventQueue-0] INFO  Vista.loginInMedico - Usuario: Actividad: Se inicia ValidarAcceso()
16:54:05.976 [AWT-EventQueue-0] INFO  Vista.loginInMedico - Usuario: Actividad: Se inicia ingresa: usuarioadmin
16:54:05.982 [AWT-EventQueue-0] INFO  Controlador.controladorBD - SistemaLogger.log
16:54:06.020 [AWT-EventQueue-0] INFO  Controlador.controladorBD - SistemaLogger.log
16:54:06.035 [AWT-EventQueue-0] INFO  Vista.loginInMedico - Usuario: Actividad: Se inicia sesión por: admin
16:54:06.035 [AWT-EventQueue-0] INFO  Controlador.controladorBD - SistemaLogger.log
16:54:06.038 [AWT-EventQueue-0] INFO  Vista.loginInMedico - Bienvenido al sistema
16:54:06.435 [AWT-EventQueue-0] INFO  Vista.vistaPrincipal - Usuario: Actividad: Se inicia el sistema control médico
16:54:16.923 [AWT-EventQueue-0] INFO  Vista.vistaPrincipal - Usuario: Actividad: Se inicia la vistaPacientes()
16:54:19.662 [AWT-EventQueue-0] INFO  Vista.vistaPrincipal - Usuario: Actividad: Se inicia la vistaControlDatos()
16:54:22.841 [AWT-EventQueue-0] INFO  Controlador.controladorBD - Ejecutando obtenerListaMedicos
16:54:22.844 [AWT-EventQueue-0] INFO  Controlador.controladorBD - SistemaLogger.log
16:54:23.128 [AWT-EventQueue-0] INFO  Vista.vistaPrincipal - Usuario: Actividad: Se inicia la vistaRegistroPaciente()
16:54:23.182 [AWT-EventQueue-0] INFO  Vista.vistaPrincipal - Usuario: Actividad: Se cierra la vistaRegistroPaciente()
16:54:27.592 [AWT-EventQueue-0] INFO  Vista.vistaPrincipal - Usuario: Actividad: Se inicia el sistema control médico
16:54:36.056 [AWT-EventQueue-0] INFO  Vista.vistaUsuarioPrincipal - SistemaLogger.log
16:54:36.056 [AWT-EventQueue-0] INFO  Controlador.controladorBD - SistemaLogger.log
16:55:45.029 [AWT-EventQueue-0] INFO  Vista.vistaPrincipal - Usuario: Actividad: Se inicia la vistaControlDatos()
16:55:52.973 [AWT-EventQueue-0] INFO  Vista.vistaPrincipal - Usuario: Actividad: Se inicia la vistaPacientes()
16:55:56.119 [AWT-EventQueue-0] INFO  Controlador.controladorBD - Ejecutando obtenerListaMedicos
16:55:56.121 [AWT-EventQueue-0] INFO  Controlador.controladorBD - SistemaLogger.log
16:55:56.184 [AWT-EventQueue-0] INFO  Vista.vistaPrincipal - Usuario: Actividad: Se inicia la vistaRegistroPaciente()
16:55:56.206 [AWT-EventQueue-0] INFO  Vista.vistaPrincipal - Usuario: Actividad: Se cierra la vistaRegistroPaciente()
16:56:00.987 [AWT-EventQueue-0] INFO  Vista.vistaPrincipal - Usuario: Actividad: Se inicia el sistema control médico
16:56:04.163 [AWT-EventQueue-0] INFO  Vista.vistaCitas - SistemaLogger.log
16:56:04.203 [AWT-EventQueue-0] INFO  Vista.vistaCitas - SistemaLogger.log
16:56:10.878 [AWT-EventQueue-0] INFO  Vista.vistaCitas - SistemaLogger.log
16:56:19.085 [AWT-EventQueue-0] INFO  Vista.vistaPrincipal - Usuario: Actividad: Se inicia la vistaControlDatos()
16:56:21.568 [AWT-EventQueue-0] INFO  Vista.vistaPrincipal - Usuario: Actividad: Se inicia la vistaPacientes()
16:56:24.388 [AWT-EventQueue-0] INFO  Controlador.controladorBD - Ejecutando obtenerListaMedicos
16:56:24.389 [AWT-EventQueue-0] INFO  Controlador.controladorBD - SistemaLogger.log
16:56:24.436 [AWT-EventQueue-0] INFO  Vista.vistaPrincipal - Usuario: Actividad: Se inicia la vistaRegistroPaciente()
16:56:24.454 [AWT-EventQueue-0] INFO  Vista.vistaPrincipal - Usuario: Actividad: Se cierra la vistaRegistroPaciente()
16:56:26.540 [AWT-EventQueue-0] INFO  Controlador.controladorBD - Ejecutando obtenerListaMedicos
16:56:26.542 [AWT-EventQueue-0] INFO  Controlador.controladorBD - SistemaLogger.log
16:56:28.674 [AWT-EventQueue-0] INFO  Controlador.controladorBD - SistemaLogger.log
16:56:28.680 [AWT-EventQueue-0] INFO  Controlador.controladorBD - SistemaLogger.log
16:56:28.682 [AWT-EventQueue-0] INFO  Controlador.controladorBD - SistemaLogger.log
16:56:28.733 [AWT-EventQueue-0] INFO  Controlador.controladorBD - Ejecutando obtenerListaMedicos
16:56:28.735 [AWT-EventQueue-0] INFO  Controlador.controladorBD - SistemaLogger.log
16:56:28.828 [AWT-EventQueue-0] INFO  Controlador.controladorBD - Ejecutando obtenerListaMedicos
16:56:28.830 [AWT-EventQueue-0] INFO  Controlador.controladorBD - SistemaLogger.log
16:58:04.271 [AWT-EventQueue-0] INFO  Controlador.controladorBD - SistemaLogger.log
16:58:04.271 [AWT-EventQueue-0] INFO  Controlador.controladorBD - SistemaLogger.log
16:58:04.332 [AWT-EventQueue-0] INFO  Vista.vistaPrincipal - Usuario: Actividad: Se inicia el sistema control médico
16:58:08.170 [AWT-EventQueue-0] INFO  Vista.vistaPrincipal - Usuario: Actividad: Se inicia la vistaPacientes()
16:58:14.698 [AWT-EventQueue-0] INFO  Controlador.controladorBD - SistemaLogger.log
16:58:14.720 [AWT-EventQueue-0] INFO  Controlador.controladorBD - SistemaLogger.log
16:58:14.721 [AWT-EventQueue-0] INFO  Controlador.controladorBD - SistemaLogger.log
16:58:28.045 [AWT-EventQueue-0] INFO  Vista.vistaPrincipal - Usuario: Actividad: Se inicia la vistaControlDatos()
16:58:31.556 [AWT-EventQueue-0] INFO  Vista.vistaPrincipal - Usuario: Actividad: Se inicia la vistaPacientes()
16:58:38.804 [AWT-EventQueue-0] INFO  Vista.vistaPrincipal - Usuario: Actividad: Se inicia la vistaControlDatos()
16:58:46.802 [AWT-EventQueue-0] INFO  Vista.vistaCitas - SistemaLogger.log
16:58:46.827 [AWT-EventQueue-0] INFO  Vista.vistaCitas - SistemaLogger.log
16:59:05.045 [AWT-EventQueue-0] INFO  Vista.vistaCitas - SistemaLogger.log
16:59:12.765 [AWT-EventQueue-0] INFO  Vista.vistaCitas - SistemaLogger.log
17:00:09.174 [AWT-EventQueue-0] INFO  Vista.vistaPrincipal - Usuario: Actividad: Se inicia la vistaPacientes()
17:00:16.822 [AWT-EventQueue-0] INFO  Controlador.controladorBD - SistemaLogger.log
17:00:16.854 [AWT-EventQueue-0] INFO  Controlador.controladorBD - SistemaLogger.log
17:00:16.856 [AWT-EventQueue-0] INFO  Controlador.controladorBD - SistemaLogger.log
17:00:22.195 [AWT-EventQueue-0] INFO  Vista.vistaPrincipal - Usuario: Actividad: Se inicia la vistaControlDatos()
17:00:42.317 [AWT-EventQueue-0] INFO  Vista.vistaCitas - SistemaLogger.log
17:00:42.336 [AWT-EventQueue-0] INFO  Vista.vistaCitas - SistemaLogger.log
17:01:22.600 [AWT-EventQueue-0] INFO  Controlador.controladorBD - SistemaLogger.log
17:01:22.604 [AWT-EventQueue-0] INFO  Controlador.controladorBD - SistemaLogger.log
17:01:22.613 [AWT-EventQueue-0] INFO  Vista.vistaCitas - SistemaLogger.log
17:01:24.810 [AWT-EventQueue-0] INFO  Vista.vistaCitas - SistemaLogger.log
17:01:24.827 [AWT-EventQueue-0] INFO  Vista.vistaCitas - SistemaLogger.log
17:01:43.949 [AWT-EventQueue-0] INFO  Vista.vistaCitas - SistemaLogger.log
17:02:28.300 [AWT-EventQueue-0] INFO  Vista.vistaCitas - SistemaLogger.log
17:02:34.272 [AWT-EventQueue-0] INFO  Vista.vistaCitas - SistemaLogger.log
17:02:52.937 [AWT-EventQueue-0] INFO  Vista.vistaCitas - SistemaLogger.log
17:03:10.866 [AWT-EventQueue-0] INFO  Controlador.controladorBD - Ejecutando obtenerListaMedicos
17:03:10.866 [AWT-EventQueue-0] INFO  Controlador.controladorBD - SistemaLogger.log
17:03:10.897 [AWT-EventQueue-0] INFO  Vista.vistaPrincipal - Usuario: Actividad: Se inicia la vistaRegistroPaciente()
17:03:10.913 [AWT-EventQueue-0] INFO  Vista.vistaPrincipal - Usuario: Actividad: Se cierra la vistaRegistroPaciente()
17:03:15.787 [AWT-EventQueue-0] INFO  Vista.vistaPrincipal - Usuario: Actividad: Se inicia el sistema control médico
17:03:17.303 [AWT-EventQueue-0] INFO  Vista.vistaPrincipal - Usuario: Actividad: Se inicia la vistaPacientes()
17:03:24.068 [AWT-EventQueue-0] INFO  Vista.vistaUsuarioPrincipal - SistemaLogger.log
17:03:24.068 [AWT-EventQueue-0] INFO  Controlador.controladorBD - SistemaLogger.log
17:03:53.317 [AWT-EventQueue-0] INFO  Vista.vistaPrincipal - Usuario: Actividad: Se inicia la vistaControlDatos()
17:03:57.754 [AWT-EventQueue-0] INFO  Vista.vistaPrincipal - Usuario: Actividad: Se inicia la vistaPacientes()
17:04:00.223 [AWT-EventQueue-0] INFO  Controlador.controladorBD - SistemaLogger.log
17:04:00.239 [AWT-EventQueue-0] INFO  Controlador.controladorBD - SistemaLogger.log
17:04:00.239 [AWT-EventQueue-0] INFO  Controlador.controladorBD - SistemaLogger.log
17:04:03.489 [AWT-EventQueue-0] INFO  Vista.vistaPrincipal - Usuario: Actividad: Se inicia la vistaControlDatos()
17:04:15.250 [AWT-EventQueue-0] INFO  Vista.vistaPrincipal - Usuario: Actividad: Se inicia la vistaControlDatos()
16:02:23.825 [main] INFO  Vista.loginInMedico - Usuario: Actividad: Se inicia logInMedico()
16:02:32.711 [AWT-EventQueue-0] INFO  Vista.loginInMedico - Usuario: Actividad: Se inicia ValidarAcceso()
16:02:32.711 [AWT-EventQueue-0] INFO  Vista.loginInMedico - Usuario: Actividad: Se inicia ValidarAcceso()
16:02:33.968 [AWT-EventQueue-0] INFO  Vista.loginInMedico - Usuario: Actividad: Se inicia ingresa: usuarioadmin
16:02:34.004 [AWT-EventQueue-0] INFO  Controlador.controladorBD - SistemaLogger.log
16:02:34.031 [AWT-EventQueue-0] INFO  Controlador.controladorBD - SistemaLogger.log
16:02:34.049 [AWT-EventQueue-0] INFO  Vista.loginInMedico - Usuario: Actividad: Se inicia sesión por: admin
16:02:34.050 [AWT-EventQueue-0] INFO  Controlador.controladorBD - SistemaLogger.log
16:02:34.054 [AWT-EventQueue-0] INFO  Vista.loginInMedico - Bienvenido al sistema
16:02:35.412 [AWT-EventQueue-0] INFO  Vista.vistaPrincipal - Usuario: Actividad: Se inicia el sistema control médico
16:02:51.154 [AWT-EventQueue-0] INFO  Vista.vistaPrincipal - Usuario: Actividad: Se inicia la vistaControlDatos()
16:02:54.600 [AWT-EventQueue-0] INFO  Vista.vistaPrincipal - Usuario: Actividad: Se inicia la vistaPacientes()
16:02:57.036 [AWT-EventQueue-0] INFO  Controlador.controladorBD - SistemaLogger.log
16:02:57.130 [AWT-EventQueue-0] INFO  Controlador.controladorBD - SistemaLogger.log
16:02:57.130 [AWT-EventQueue-0] INFO  Controlador.controladorBD - SistemaLogger.log
16:03:01.223 [AWT-EventQueue-0] INFO  Vista.vistaPrincipal - Usuario: Actividad: Se inicia la vistaControlDatos()
16:03:05.515 [AWT-EventQueue-0] INFO  Controlador.controladorBD - Ejecutando obtenerListaMedicos
16:03:05.515 [AWT-EventQueue-0] INFO  Controlador.controladorBD - SistemaLogger.log
16:03:05.918 [AWT-EventQueue-0] INFO  Vista.vistaPrincipal - Usuario: Actividad: Se inicia la vistaRegistroPaciente()
16:03:05.933 [AWT-EventQueue-0] INFO  Vista.vistaPrincipal - Usuario: Actividad: Se cierra la vistaRegistroPaciente()
16:03:10.589 [AWT-EventQueue-0] INFO  Vista.vistaPrincipal - Usuario: Actividad: Se inicia el sistema control médico
16:07:13.460 [main] INFO  Vista.loginInMedico - Usuario: Actividad: Se inicia logInMedico()
16:07:22.831 [AWT-EventQueue-0] INFO  Vista.loginInMedico - Usuario: Actividad: Se inicia ValidarAcceso()
16:07:22.832 [AWT-EventQueue-0] INFO  Vista.loginInMedico - Usuario: Actividad: Se inicia ValidarAcceso()
16:07:23.567 [AWT-EventQueue-0] INFO  Vista.loginInMedico - Usuario: Actividad: Se inicia ingresa: usuarioadmin
16:07:23.586 [AWT-EventQueue-0] INFO  Controlador.controladorBD - SistemaLogger.log
16:07:23.611 [AWT-EventQueue-0] INFO  Controlador.controladorBD - SistemaLogger.log
16:07:23.624 [AWT-EventQueue-0] INFO  Vista.loginInMedico - Usuario: Actividad: Se inicia sesión por: admin
16:07:23.625 [AWT-EventQueue-0] INFO  Controlador.controladorBD - SistemaLogger.log
16:07:23.628 [AWT-EventQueue-0] INFO  Vista.loginInMedico - Bienvenido al sistema
16:07:23.860 [AWT-EventQueue-0] INFO  Vista.vistaPrincipal - Usuario: Actividad: Se inicia el sistema control médico
16:14:53.591 [main] INFO  Vista.loginInMedico - Usuario: Actividad: Se inicia logInMedico()
16:15:01.444 [AWT-EventQueue-0] INFO  Vista.loginInMedico - Usuario: Actividad: Se inicia ValidarAcceso()
16:15:01.444 [AWT-EventQueue-0] INFO  Vista.loginInMedico - Usuario: Actividad: Se inicia ValidarAcceso()
16:15:02.472 [AWT-EventQueue-0] INFO  Vista.loginInMedico - Usuario: Actividad: Se inicia ingresa: usuarioadmin
16:15:02.504 [AWT-EventQueue-0] INFO  Controlador.controladorBD - SistemaLogger.log
16:15:02.531 [AWT-EventQueue-0] INFO  Controlador.controladorBD - SistemaLogger.log
16:15:02.542 [AWT-EventQueue-0] INFO  Vista.loginInMedico - Usuario: Actividad: Se inicia sesión por: admin
16:15:02.542 [AWT-EventQueue-0] INFO  Controlador.controladorBD - SistemaLogger.log
16:15:02.542 [AWT-EventQueue-0] INFO  Vista.loginInMedico - Bienvenido al sistema
16:15:02.814 [AWT-EventQueue-0] INFO  Vista.vistaPrincipal - Usuario: Actividad: Se inicia el sistema control médico
16:20:31.261 [main] INFO  Vista.loginInMedico - Usuario: Actividad: Se inicia logInMedico()
16:20:40.316 [AWT-EventQueue-0] INFO  Vista.loginInMedico - Usuario: Actividad: Se inicia ValidarAcceso()
16:20:40.317 [AWT-EventQueue-0] INFO  Vista.loginInMedico - Usuario: Actividad: Se inicia ValidarAcceso()
16:20:41.069 [AWT-EventQueue-0] INFO  Vista.loginInMedico - Usuario: Actividad: Se inicia ingresa: usuarioadmin
16:20:41.085 [AWT-EventQueue-0] INFO  Controlador.controladorBD - SistemaLogger.log
16:20:41.110 [AWT-EventQueue-0] INFO  Controlador.controladorBD - SistemaLogger.log
16:20:41.124 [AWT-EventQueue-0] INFO  Vista.loginInMedico - Usuario: Actividad: Se inicia sesión por: admin
16:20:41.125 [AWT-EventQueue-0] INFO  Controlador.controladorBD - SistemaLogger.log
16:20:41.129 [AWT-EventQueue-0] INFO  Vista.loginInMedico - Bienvenido al sistema
16:20:41.376 [AWT-EventQueue-0] INFO  Vista.vistaPrincipal - Usuario: Actividad: Se inicia el sistema control médico
16:23:19.291 [main] INFO  Vista.loginInMedico - Usuario: Actividad: Se inicia logInMedico()
16:23:25.148 [AWT-EventQueue-0] INFO  Vista.loginInMedico - Usuario: Actividad: Se inicia ValidarAcceso()
16:23:25.148 [AWT-EventQueue-0] INFO  Vista.loginInMedico - Usuario: Actividad: Se inicia ValidarAcceso()
16:23:25.900 [AWT-EventQueue-0] INFO  Vista.loginInMedico - Usuario: Actividad: Se inicia ingresa: usuarioadmin
16:23:25.921 [AWT-EventQueue-0] INFO  Controlador.controladorBD - SistemaLogger.log
16:23:25.945 [AWT-EventQueue-0] INFO  Controlador.controladorBD - SistemaLogger.log
16:23:25.957 [AWT-EventQueue-0] INFO  Vista.loginInMedico - Usuario: Actividad: Se inicia sesión por: admin
16:23:25.957 [AWT-EventQueue-0] INFO  Controlador.controladorBD - SistemaLogger.log
16:23:25.960 [AWT-EventQueue-0] INFO  Vista.loginInMedico - Bienvenido al sistema
16:23:26.212 [AWT-EventQueue-0] INFO  Vista.vistaPrincipal - Usuario: Actividad: Se inicia el sistema control médico
16:25:13.750 [AWT-EventQueue-0] INFO  Controlador.controladorBD - Ejecutando obtenerListaMedicos
16:25:13.765 [AWT-EventQueue-0] INFO  Controlador.controladorBD - SistemaLogger.log
16:25:14.013 [AWT-EventQueue-0] INFO  Vista.vistaPrincipal - Usuario: Actividad: Se inicia la vistaRegistroPaciente()
16:25:14.044 [AWT-EventQueue-0] INFO  Vista.vistaPrincipal - Usuario: Actividad: Se cierra la vistaRegistroPaciente()
16:25:20.122 [AWT-EventQueue-0] INFO  Vista.vistaPrincipal - Usuario: Actividad: Se inicia el sistema control médico
16:25:21.481 [AWT-EventQueue-0] INFO  Vista.vistaPrincipal - Usuario: Actividad: Se inicia la vistaControlDatos()
16:25:24.496 [AWT-EventQueue-0] INFO  Vista.vistaPrincipal - Usuario: Actividad: Se inicia la vistaPacientes()
16:25:27.277 [AWT-EventQueue-0] INFO  Vista.vistaUsuarioPrincipal - SistemaLogger.log
16:25:27.277 [AWT-EventQueue-0] INFO  Controlador.controladorBD - SistemaLogger.log
16:25:30.746 [AWT-EventQueue-0] INFO  Vista.vistaCitas - SistemaLogger.log
16:25:30.762 [AWT-EventQueue-0] INFO  Vista.vistaCitas - SistemaLogger.log
16:25:35.808 [AWT-EventQueue-0] INFO  Vista.vistaCitas - SistemaLogger.log
16:27:59.907 [AWT-EventQueue-0] INFO  Vista.vistaPrincipal - Usuario: Actividad: Se inicia la vistaControlDatos()
16:28:03.126 [AWT-EventQueue-0] INFO  Vista.vistaPrincipal - Usuario: Actividad: Se inicia la vistaPacientes()
16:28:06.032 [AWT-EventQueue-0] INFO  Controlador.controladorBD - Ejecutando obtenerListaMedicos
16:28:06.032 [AWT-EventQueue-0] INFO  Controlador.controladorBD - SistemaLogger.log
16:28:06.126 [AWT-EventQueue-0] INFO  Vista.vistaPrincipal - Usuario: Actividad: Se inicia la vistaRegistroPaciente()
16:28:06.157 [AWT-EventQueue-0] INFO  Vista.vistaPrincipal - Usuario: Actividad: Se cierra la vistaRegistroPaciente()
16:28:22.673 [AWT-EventQueue-0] INFO  Vista.vistaPrincipal - Usuario: Actividad: Se inicia el sistema control médico
16:28:24.783 [AWT-EventQueue-0] INFO  Vista.vistaPrincipal - Usuario: El sistema finalizo correctamente.
16:35:09.699 [main] INFO  Vista.loginInMedico - Usuario: Actividad: Se inicia logInMedico()
16:35:19.646 [AWT-EventQueue-0] INFO  Vista.loginInMedico - Usuario: Actividad: Se inicia ValidarAcceso()
16:35:19.646 [AWT-EventQueue-0] INFO  Vista.loginInMedico - Usuario: Actividad: Se inicia ValidarAcceso()
16:35:20.390 [AWT-EventQueue-0] INFO  Vista.loginInMedico - Usuario: Actividad: Se inicia ingresa: usuarioadmin
16:35:20.427 [AWT-EventQueue-0] INFO  Controlador.controladorBD - SistemaLogger.log
16:35:20.447 [AWT-EventQueue-0] INFO  Controlador.controladorBD - SistemaLogger.log
16:35:20.462 [AWT-EventQueue-0] INFO  Vista.loginInMedico - Usuario: Actividad: Se inicia sesión por: admin
16:35:20.462 [AWT-EventQueue-0] INFO  Controlador.controladorBD - SistemaLogger.log
16:35:20.465 [AWT-EventQueue-0] INFO  Vista.loginInMedico - Bienvenido al sistema
16:35:20.716 [AWT-EventQueue-0] INFO  Vista.vistaPrincipal - Usuario: Actividad: Se inicia el sistema control médico
16:35:23.320 [AWT-EventQueue-0] INFO  Vista.vistaPrincipal - Usuario: Actividad: Se inicia la vistaControlDatos()
16:35:27.388 [AWT-EventQueue-0] INFO  Vista.vistaPrincipal - Usuario: Actividad: Se inicia la vistaPacientes()
16:35:29.769 [AWT-EventQueue-0] INFO  Controlador.controladorBD - Ejecutando obtenerListaMedicos
16:35:29.771 [AWT-EventQueue-0] INFO  Controlador.controladorBD - SistemaLogger.log
16:35:29.974 [AWT-EventQueue-0] INFO  Vista.vistaPrincipal - Usuario: Actividad: Se inicia la vistaRegistroPaciente()
16:35:30.006 [AWT-EventQueue-0] INFO  Vista.vistaPrincipal - Usuario: Actividad: Se cierra la vistaRegistroPaciente()
16:35:34.044 [AWT-EventQueue-0] INFO  Vista.vistaPrincipal - Usuario: Actividad: Se inicia el sistema control médico
16:35:37.917 [AWT-EventQueue-0] INFO  Vista.vistaCitas - SistemaLogger.log
16:35:37.935 [AWT-EventQueue-0] INFO  Vista.vistaCitas - SistemaLogger.log
16:35:44.749 [AWT-EventQueue-0] INFO  Vista.vistaCitas - SistemaLogger.log
16:35:47.515 [AWT-EventQueue-0] INFO  Vista.vistaCitas - SistemaLogger.log
16:35:49.123 [AWT-EventQueue-0] INFO  Vista.vistaCitas - SistemaLogger.log
16:35:49.146 [AWT-EventQueue-0] INFO  Vista.vistaCitas - SistemaLogger.log
16:35:50.443 [AWT-EventQueue-0] INFO  Vista.vistaCitas - SistemaLogger.log
16:35:55.275 [AWT-EventQueue-0] INFO  Vista.vistaCitas - SistemaLogger.log
16:36:01.308 [AWT-EventQueue-0] INFO  Vista.vistaPrincipal - Usuario: El sistema finalizo correctamente.
16:38:05.948 [main] INFO  Vista.loginInMedico - Usuario: Actividad: Se inicia logInMedico()
16:38:12.819 [AWT-EventQueue-0] INFO  Vista.loginInMedico - Usuario: Actividad: Se inicia ValidarAcceso()
16:38:12.819 [AWT-EventQueue-0] INFO  Vista.loginInMedico - Usuario: Actividad: Se inicia ValidarAcceso()
16:38:13.605 [AWT-EventQueue-0] INFO  Vista.loginInMedico - Usuario: Actividad: Se inicia ingresa: usuarioadmin
16:38:13.627 [AWT-EventQueue-0] INFO  Controlador.controladorBD - SistemaLogger.log
16:38:13.647 [AWT-EventQueue-0] INFO  Controlador.controladorBD - SistemaLogger.log
16:38:13.661 [AWT-EventQueue-0] INFO  Vista.loginInMedico - Usuario: Actividad: Se inicia sesión por: admin
16:38:13.662 [AWT-EventQueue-0] INFO  Controlador.controladorBD - SistemaLogger.log
16:38:13.665 [AWT-EventQueue-0] INFO  Vista.loginInMedico - Bienvenido al sistema
16:38:13.926 [AWT-EventQueue-0] INFO  Vista.vistaPrincipal - Usuario: Actividad: Se inicia el sistema control médico
16:38:21.354 [AWT-EventQueue-0] INFO  Vista.vistaPrincipal - Usuario: Actividad: Se inicia la vistaControlDatos()
16:38:26.111 [AWT-EventQueue-0] INFO  Vista.vistaPrincipal - Usuario: Actividad: Se inicia la vistaPacientes()
16:38:28.283 [AWT-EventQueue-0] INFO  Controlador.controladorBD - Ejecutando obtenerListaMedicos
16:38:28.284 [AWT-EventQueue-0] INFO  Controlador.controladorBD - SistemaLogger.log
16:38:28.504 [AWT-EventQueue-0] INFO  Vista.vistaPrincipal - Usuario: Actividad: Se inicia la vistaRegistroPaciente()
16:38:28.535 [AWT-EventQueue-0] INFO  Vista.vistaPrincipal - Usuario: Actividad: Se cierra la vistaRegistroPaciente()
16:38:39.800 [AWT-EventQueue-0] INFO  Controlador.controladorBD - Ejecutando obtenerListaMedicos
16:38:39.804 [AWT-EventQueue-0] INFO  Controlador.controladorBD - SistemaLogger.log
16:38:49.467 [AWT-EventQueue-0] INFO  Controlador.controladorBD - SistemaLogger.log
16:38:49.475 [AWT-EventQueue-0] INFO  Controlador.controladorBD - SistemaLogger.log
16:38:49.477 [AWT-EventQueue-0] INFO  Controlador.controladorBD - SistemaLogger.log
16:38:49.546 [AWT-EventQueue-0] INFO  Controlador.controladorBD - Ejecutando obtenerListaMedicos
16:38:49.548 [AWT-EventQueue-0] INFO  Controlador.controladorBD - SistemaLogger.log
16:38:49.717 [AWT-EventQueue-0] INFO  Controlador.controladorBD - Ejecutando obtenerListaMedicos
16:38:49.720 [AWT-EventQueue-0] INFO  Controlador.controladorBD - SistemaLogger.log
16:38:56.798 [AWT-EventQueue-0] INFO  Vista.vistaPrincipal - Usuario: Actividad: Se inicia el sistema control médico
16:39:05.460 [AWT-EventQueue-0] INFO  Vista.vistaPrincipal - Usuario: El sistema finalizo correctamente.
16:40:26.525 [main] INFO  Vista.loginInMedico - Usuario: Actividad: Se inicia logInMedico()
16:40:35.929 [AWT-EventQueue-0] INFO  Vista.loginInMedico - Usuario: Actividad: Se inicia ValidarAcceso()
16:40:35.929 [AWT-EventQueue-0] INFO  Vista.loginInMedico - Usuario: Actividad: Se inicia ValidarAcceso()
16:40:36.685 [AWT-EventQueue-0] INFO  Vista.loginInMedico - Usuario: Actividad: Se inicia ingresa: usuarioadmin
16:40:36.712 [AWT-EventQueue-0] INFO  Controlador.controladorBD - SistemaLogger.log
16:40:36.735 [AWT-EventQueue-0] INFO  Controlador.controladorBD - SistemaLogger.log
16:40:36.748 [AWT-EventQueue-0] INFO  Vista.loginInMedico - Usuario: Actividad: Se inicia sesión por: admin
16:40:36.748 [AWT-EventQueue-0] INFO  Controlador.controladorBD - SistemaLogger.log
16:40:36.751 [AWT-EventQueue-0] INFO  Vista.loginInMedico - Bienvenido al sistema
16:40:36.988 [AWT-EventQueue-0] INFO  Vista.vistaPrincipal - Usuario: Actividad: Se inicia el sistema control médico
16:40:40.243 [AWT-EventQueue-0] INFO  Vista.vistaPrincipal - Usuario: Actividad: Se inicia la vistaControlDatos()
16:40:43.922 [AWT-EventQueue-0] INFO  Vista.vistaPrincipal - Usuario: Actividad: Se inicia la vistaPacientes()
16:40:53.337 [AWT-EventQueue-0] INFO  Controlador.controladorBD - Ejecutando obtenerListaMedicos
16:40:53.339 [AWT-EventQueue-0] INFO  Controlador.controladorBD - SistemaLogger.log
16:40:53.537 [AWT-EventQueue-0] INFO  Vista.vistaPrincipal - Usuario: Actividad: Se inicia la vistaRegistroPaciente()
16:40:53.572 [AWT-EventQueue-0] INFO  Vista.vistaPrincipal - Usuario: Actividad: Se cierra la vistaRegistroPaciente()
16:40:56.696 [AWT-EventQueue-0] INFO  Controlador.controladorBD - Ejecutando obtenerListaMedicos
16:40:56.698 [AWT-EventQueue-0] INFO  Controlador.controladorBD - SistemaLogger.log
16:41:35.049 [main] INFO  Vista.loginInMedico - Usuario: Actividad: Se inicia logInMedico()
16:41:40.437 [AWT-EventQueue-0] INFO  Vista.loginInMedico - Usuario: Actividad: Se inicia ValidarAcceso()
16:41:40.438 [AWT-EventQueue-0] INFO  Vista.loginInMedico - Usuario: Actividad: Se inicia ValidarAcceso()
16:41:41.232 [AWT-EventQueue-0] INFO  Vista.loginInMedico - Usuario: Actividad: Se inicia ingresa: usuarioadmin
16:41:41.255 [AWT-EventQueue-0] INFO  Controlador.controladorBD - SistemaLogger.log
16:41:41.277 [AWT-EventQueue-0] INFO  Controlador.controladorBD - SistemaLogger.log
16:41:41.290 [AWT-EventQueue-0] INFO  Vista.loginInMedico - Usuario: Actividad: Se inicia sesión por: admin
16:41:41.291 [AWT-EventQueue-0] INFO  Controlador.controladorBD - SistemaLogger.log
16:41:41.293 [AWT-EventQueue-0] INFO  Vista.loginInMedico - Bienvenido al sistema
16:41:41.519 [AWT-EventQueue-0] INFO  Vista.vistaPrincipal - Usuario: Actividad: Se inicia el sistema control médico
16:41:47.740 [AWT-EventQueue-0] INFO  Controlador.controladorBD - Ejecutando obtenerListaMedicos
16:41:47.741 [AWT-EventQueue-0] INFO  Controlador.controladorBD - SistemaLogger.log
16:41:48.001 [AWT-EventQueue-0] INFO  Vista.vistaPrincipal - Usuario: Actividad: Se inicia la vistaRegistroPaciente()
16:41:48.045 [AWT-EventQueue-0] INFO  Vista.vistaPrincipal - Usuario: Actividad: Se cierra la vistaRegistroPaciente()
16:41:50.474 [AWT-EventQueue-0] INFO  Controlador.controladorBD - Ejecutando obtenerListaMedicos
16:41:50.475 [AWT-EventQueue-0] INFO  Controlador.controladorBD - SistemaLogger.log
16:44:47.433 [main] INFO  Vista.loginInMedico - Usuario: Actividad: Se inicia logInMedico()
16:44:59.491 [AWT-EventQueue-0] INFO  Vista.loginInMedico - Usuario: Actividad: Se inicia ValidarAcceso()
16:44:59.491 [AWT-EventQueue-0] INFO  Vista.loginInMedico - Usuario: Actividad: Se inicia ValidarAcceso()
16:45:00.372 [AWT-EventQueue-0] INFO  Vista.loginInMedico - Usuario: Actividad: Se inicia ingresa: usuarioadmin
16:45:00.400 [AWT-EventQueue-0] INFO  Controlador.controladorBD - SistemaLogger.log
16:45:00.425 [AWT-EventQueue-0] INFO  Controlador.controladorBD - SistemaLogger.log
16:45:00.441 [AWT-EventQueue-0] INFO  Vista.loginInMedico - Usuario: Actividad: Se inicia sesión por: admin
16:45:00.442 [AWT-EventQueue-0] INFO  Controlador.controladorBD - SistemaLogger.log
16:45:00.445 [AWT-EventQueue-0] INFO  Vista.loginInMedico - Bienvenido al sistema
16:45:00.697 [AWT-EventQueue-0] INFO  Vista.vistaPrincipal - Usuario: Actividad: Se inicia el sistema control médico
16:45:04.078 [AWT-EventQueue-0] INFO  Vista.vistaPrincipal - Usuario: Actividad: Se inicia la vistaPacientes()
16:45:06.317 [AWT-EventQueue-0] INFO  Controlador.controladorBD - Ejecutando obtenerListaMedicos
16:45:06.319 [AWT-EventQueue-0] INFO  Controlador.controladorBD - SistemaLogger.log
16:45:06.577 [AWT-EventQueue-0] INFO  Vista.vistaPrincipal - Usuario: Actividad: Se inicia la vistaRegistroPaciente()
16:45:06.604 [AWT-EventQueue-0] INFO  Vista.vistaPrincipal - Usuario: Actividad: Se cierra la vistaRegistroPaciente()
16:45:10.358 [AWT-EventQueue-0] INFO  Vista.vistaPrincipal - Usuario: Actividad: Se inicia el sistema control médico
16:45:14.044 [AWT-EventQueue-0] INFO  Vista.vistaCitas - SistemaLogger.log
16:45:14.105 [AWT-EventQueue-0] INFO  Vista.vistaCitas - SistemaLogger.log
16:45:19.819 [AWT-EventQueue-0] INFO  Vista.vistaCitas - SistemaLogger.log
16:45:21.427 [AWT-EventQueue-0] INFO  Vista.vistaUsuarioPrincipal - SistemaLogger.log
16:45:21.432 [AWT-EventQueue-0] INFO  Controlador.controladorBD - SistemaLogger.log
16:45:34.107 [AWT-EventQueue-0] INFO  Vista.vistaPrincipal - Usuario: El sistema finalizo correctamente.
16:53:25.280 [main] INFO  Vista.loginInMedico - Usuario: Actividad: Se inicia logInMedico()
16:54:22.637 [AWT-EventQueue-0] INFO  Vista.loginInMedico - Usuario: Actividad: Se inicia ValidarAcceso()
16:54:22.637 [AWT-EventQueue-0] INFO  Vista.loginInMedico - Usuario: Actividad: Se inicia ValidarAcceso()
16:54:23.387 [AWT-EventQueue-0] INFO  Vista.loginInMedico - Usuario: Actividad: Se inicia ingresa: usuarioadmin
16:54:23.402 [AWT-EventQueue-0] INFO  Controlador.controladorBD - SistemaLogger.log
16:54:23.434 [AWT-EventQueue-0] INFO  Controlador.controladorBD - SistemaLogger.log
16:54:23.449 [AWT-EventQueue-0] INFO  Vista.loginInMedico - Usuario: Actividad: Se inicia sesión por: admin
16:54:23.449 [AWT-EventQueue-0] INFO  Controlador.controladorBD - SistemaLogger.log
16:54:23.449 [AWT-EventQueue-0] INFO  Vista.loginInMedico - Bienvenido al sistema
16:54:23.704 [AWT-EventQueue-0] INFO  Vista.vistaPrincipal - Usuario: Actividad: Se inicia el sistema control médico
16:54:25.183 [AWT-EventQueue-0] INFO  Vista.vistaUsuarioPrincipal - SistemaLogger.log
16:54:25.183 [AWT-EventQueue-0] INFO  Controlador.controladorBD - SistemaLogger.log
16:54:44.067 [AWT-EventQueue-0] INFO  Controlador.controladorBD - SistemaLogger.log
16:54:51.379 [AWT-EventQueue-0] INFO  Vista.vistaPrincipal - Usuario: Actividad: Se inicia la vistaPacientes()
16:55:42.813 [AWT-EventQueue-0] INFO  Vista.vistaPrincipal - Usuario: Actividad: Se inicia la vistaControlDatos()
16:55:52.625 [AWT-EventQueue-0] INFO  Vista.vistaCitas - SistemaLogger.log
16:55:52.656 [AWT-EventQueue-0] INFO  Vista.vistaCitas - SistemaLogger.log
16:57:45.670 [AWT-EventQueue-0] INFO  Controlador.controladorBD - SistemaLogger.log
16:57:45.701 [AWT-EventQueue-0] INFO  Controlador.controladorBD - SistemaLogger.log
16:57:45.717 [AWT-EventQueue-0] INFO  Vista.vistaCitas - SistemaLogger.log
16:57:54.295 [AWT-EventQueue-0] INFO  Vista.vistaCitas - SistemaLogger.log
16:58:17.684 [AWT-EventQueue-0] INFO  Vista.vistaPrincipal - Usuario: Actividad: Se inicia la vistaControlDatos()
16:58:26.339 [AWT-EventQueue-0] INFO  Vista.vistaCitas - SistemaLogger.log
16:58:26.355 [AWT-EventQueue-0] INFO  Vista.vistaCitas - SistemaLogger.log
16:58:36.167 [AWT-EventQueue-0] INFO  Vista.vistaCitas - SistemaLogger.log
16:58:59.181 [AWT-EventQueue-0] INFO  Vista.vistaCitas - SistemaLogger.log
16:59:06.587 [AWT-EventQueue-0] INFO  Vista.vistaPrincipal - Usuario: El sistema finalizo correctamente.
17:00:39.507 [main] INFO  Vista.loginInMedico - Usuario: Actividad: Se inicia logInMedico()
17:00:46.876 [AWT-EventQueue-0] INFO  Vista.loginInMedico - Usuario: Actividad: Se inicia ValidarAcceso()
17:00:46.877 [AWT-EventQueue-0] INFO  Vista.loginInMedico - Usuario: Actividad: Se inicia ValidarAcceso()
17:00:47.695 [AWT-EventQueue-0] INFO  Vista.loginInMedico - Usuario: Actividad: Se inicia ingresa: usuarioadmin
17:00:47.725 [AWT-EventQueue-0] INFO  Controlador.controladorBD - SistemaLogger.log
17:00:47.745 [AWT-EventQueue-0] INFO  Controlador.controladorBD - SistemaLogger.log
17:00:47.759 [AWT-EventQueue-0] INFO  Vista.loginInMedico - Usuario: Actividad: Se inicia sesión por: admin
17:00:47.759 [AWT-EventQueue-0] INFO  Controlador.controladorBD - SistemaLogger.log
17:00:47.762 [AWT-EventQueue-0] INFO  Vista.loginInMedico - Bienvenido al sistema
17:00:48.041 [AWT-EventQueue-0] INFO  Vista.vistaPrincipal - Usuario: Actividad: Se inicia el sistema control médico
17:00:49.905 [AWT-EventQueue-0] INFO  Vista.vistaPrincipal - Usuario: Actividad: Se inicia la vistaControlDatos()
17:00:52.362 [AWT-EventQueue-0] INFO  Vista.vistaPrincipal - Usuario: Actividad: Se inicia la vistaPacientes()
17:00:55.766 [AWT-EventQueue-0] INFO  Controlador.controladorBD - Ejecutando obtenerListaMedicos
17:00:55.767 [AWT-EventQueue-0] INFO  Controlador.controladorBD - SistemaLogger.log
17:00:55.979 [AWT-EventQueue-0] INFO  Vista.vistaPrincipal - Usuario: Actividad: Se inicia la vistaRegistroPaciente()
17:00:56.017 [AWT-EventQueue-0] INFO  Vista.vistaPrincipal - Usuario: Actividad: Se cierra la vistaRegistroPaciente()
17:00:57.893 [AWT-EventQueue-0] INFO  Controlador.controladorBD - Ejecutando obtenerListaMedicos
17:00:57.895 [AWT-EventQueue-0] INFO  Controlador.controladorBD - SistemaLogger.log
17:04:20.106 [main] INFO  Vista.loginInMedico - Usuario: Actividad: Se inicia logInMedico()
17:04:29.033 [AWT-EventQueue-0] INFO  Vista.loginInMedico - Usuario: Actividad: Se inicia ValidarAcceso()
17:04:29.033 [AWT-EventQueue-0] INFO  Vista.loginInMedico - Usuario: Actividad: Se inicia ValidarAcceso()
17:04:29.802 [AWT-EventQueue-0] INFO  Vista.loginInMedico - Usuario: Actividad: Se inicia ingresa: usuarioadmin
17:04:29.825 [AWT-EventQueue-0] INFO  Controlador.controladorBD - SistemaLogger.log
17:04:29.849 [AWT-EventQueue-0] INFO  Controlador.controladorBD - SistemaLogger.log
17:04:29.861 [AWT-EventQueue-0] INFO  Vista.loginInMedico - Usuario: Actividad: Se inicia sesión por: admin
17:04:29.862 [AWT-EventQueue-0] INFO  Controlador.controladorBD - SistemaLogger.log
17:04:29.865 [AWT-EventQueue-0] INFO  Vista.loginInMedico - Bienvenido al sistema
17:04:30.088 [AWT-EventQueue-0] INFO  Vista.vistaPrincipal - Usuario: Actividad: Se inicia el sistema control médico
17:04:32.854 [AWT-EventQueue-0] INFO  Controlador.controladorBD - SistemaLogger.log
17:04:47.272 [AWT-EventQueue-0] INFO  Controlador.controladorBD - Ejecutando obtenerListaMedicos
17:04:47.287 [AWT-EventQueue-0] INFO  Controlador.controladorBD - SistemaLogger.log
17:04:47.512 [AWT-EventQueue-0] INFO  Vista.vistaPrincipal - Usuario: Actividad: Se inicia la vistaRegistroPaciente()
17:04:47.543 [AWT-EventQueue-0] INFO  Vista.vistaPrincipal - Usuario: Actividad: Se cierra la vistaRegistroPaciente()
17:04:50.586 [AWT-EventQueue-0] INFO  Controlador.controladorBD - Ejecutando obtenerListaMedicos
17:04:50.588 [AWT-EventQueue-0] INFO  Controlador.controladorBD - SistemaLogger.log
22:50:05.957 [main] INFO  Vista.loginInMedico - Usuario: Actividad: Se inicia logInMedico()
22:50:12.539 [AWT-EventQueue-0] INFO  Vista.loginInMedico - Usuario: Actividad: Se inicia ValidarAcceso()
22:50:12.539 [AWT-EventQueue-0] INFO  Vista.loginInMedico - Usuario: Actividad: Se inicia ValidarAcceso()
22:50:12.855 [AWT-EventQueue-0] INFO  Vista.loginInMedico - Usuario: Actividad: Se inicia ingresa: usuarioadmin
22:50:12.863 [AWT-EventQueue-0] INFO  Controlador.controladorBD - SistemaLogger.log
22:50:12.872 [AWT-EventQueue-0] INFO  Controlador.controladorBD - SistemaLogger.log
22:50:12.885 [AWT-EventQueue-0] INFO  Vista.loginInMedico - Usuario: Actividad: Se inicia sesión por: admin
22:50:12.885 [AWT-EventQueue-0] INFO  Controlador.controladorBD - SistemaLogger.log
22:50:12.886 [AWT-EventQueue-0] INFO  Vista.loginInMedico - Bienvenido al sistema
22:50:12.971 [AWT-EventQueue-0] INFO  Vista.vistaPrincipal - Usuario: Actividad: Se inicia el sistema control médico
22:50:16.737 [AWT-EventQueue-0] INFO  Vista.vistaCitas - SistemaLogger.log
22:50:16.753 [AWT-EventQueue-0] INFO  Vista.vistaCitas - SistemaLogger.log
22:50:17.989 [AWT-EventQueue-0] INFO  Vista.vistaCitas - SistemaLogger.log
22:50:18.548 [AWT-EventQueue-0] INFO  Controlador.controladorBD - Ejecutando obtenerListaMedicos
22:50:18.552 [AWT-EventQueue-0] INFO  Controlador.controladorBD - SistemaLogger.log
22:50:18.661 [AWT-EventQueue-0] INFO  Vista.vistaPrincipal - Usuario: Actividad: Se inicia la vistaRegistroPaciente()
22:50:18.671 [AWT-EventQueue-0] INFO  Vista.vistaPrincipal - Usuario: Actividad: Se cierra la vistaRegistroPaciente()
22:50:24.320 [AWT-EventQueue-0] INFO  Controlador.controladorBD - Ejecutando obtenerListaMedicos
22:50:24.321 [AWT-EventQueue-0] INFO  Controlador.controladorBD - SistemaLogger.log
23:07:16.121 [main] INFO  Vista.loginInMedico - Usuario: Actividad: Se inicia logInMedico()
23:07:23.509 [AWT-EventQueue-0] INFO  Vista.loginInMedico - Usuario: Actividad: Se inicia ValidarAcceso()
23:07:23.509 [AWT-EventQueue-0] INFO  Vista.loginInMedico - Usuario: Actividad: Se inicia ValidarAcceso()
23:07:23.796 [AWT-EventQueue-0] INFO  Vista.loginInMedico - Usuario: Actividad: Se inicia ingresa: usuarioadmin
23:07:23.803 [AWT-EventQueue-0] INFO  Controlador.controladorBD - SistemaLogger.log
23:07:23.814 [AWT-EventQueue-0] INFO  Controlador.controladorBD - SistemaLogger.log
23:07:23.819 [AWT-EventQueue-0] INFO  Vista.loginInMedico - Usuario: Actividad: Se inicia sesión por: admin
23:07:23.819 [AWT-EventQueue-0] INFO  Controlador.controladorBD - SistemaLogger.log
23:07:23.821 [AWT-EventQueue-0] INFO  Vista.loginInMedico - Bienvenido al sistema
23:07:23.902 [AWT-EventQueue-0] INFO  Vista.vistaPrincipal - Usuario: Actividad: Se inicia el sistema control médico
23:07:27.543 [AWT-EventQueue-0] INFO  Vista.vistaCitas - SistemaLogger.log
23:07:27.556 [AWT-EventQueue-0] INFO  Vista.vistaCitas - SistemaLogger.log
23:07:29.511 [AWT-EventQueue-0] INFO  Vista.vistaCitas - SistemaLogger.log
23:07:30.144 [AWT-EventQueue-0] INFO  Vista.vistaPrincipal - Usuario: Actividad: Se inicia la vistaPacientes()
23:07:35.877 [AWT-EventQueue-0] INFO  Controlador.controladorBD - SistemaLogger.log
23:07:35.884 [AWT-EventQueue-0] INFO  Controlador.controladorBD - SistemaLogger.log
23:07:35.887 [AWT-EventQueue-0] INFO  Controlador.controladorBD - SistemaLogger.log
23:07:38.496 [AWT-EventQueue-0] INFO  Controlador.controladorBD - SistemaLogger.log
23:07:38.503 [AWT-EventQueue-0] INFO  Controlador.controladorBD - SistemaLogger.log
23:07:38.506 [AWT-EventQueue-0] INFO  Controlador.controladorBD - SistemaLogger.log
23:07:42.453 [AWT-EventQueue-0] INFO  Vista.vistaPrincipal - Usuario: Actividad: Se inicia la vistaControlDatos()
23:07:44.688 [AWT-EventQueue-0] INFO  Vista.vistaPrincipal - Usuario: Actividad: Se inicia la vistaPacientes()
23:07:50.108 [AWT-EventQueue-0] INFO  Vista.vistaPrincipal - Usuario: Actividad: Se inicia la vistaControlDatos()
23:07:56.767 [AWT-EventQueue-0] INFO  Vista.vistaCitas - SistemaLogger.log
23:07:56.775 [AWT-EventQueue-0] INFO  Vista.vistaCitas - SistemaLogger.log
23:07:59.563 [AWT-EventQueue-0] INFO  Controlador.controladorBD - Ejecutando obtenerListaMedicos
23:07:59.564 [AWT-EventQueue-0] INFO  Controlador.controladorBD - SistemaLogger.log
23:08:14.923 [AWT-EventQueue-0] INFO  Controlador.controladorBD - SistemaLogger.log
23:08:14.943 [AWT-EventQueue-0] INFO  Controlador.controladorBD - SistemaLogger.log
23:08:14.950 [AWT-EventQueue-0] INFO  Vista.vistaCitas - SistemaLogger.log
23:08:25.210 [AWT-EventQueue-0] INFO  Vista.vistaCitas - SistemaLogger.log
23:08:25.218 [AWT-EventQueue-0] INFO  Vista.vistaCitas - SistemaLogger.log
23:08:32.183 [AWT-EventQueue-0] INFO  Vista.vistaCitas - SistemaLogger.log
23:08:48.479 [main] INFO  Vista.loginInMedico - Usuario: Actividad: Se inicia logInMedico()
23:08:53.736 [AWT-EventQueue-0] INFO  Vista.loginInMedico - Usuario: Actividad: Se inicia ValidarAcceso()
23:08:53.736 [AWT-EventQueue-0] INFO  Vista.loginInMedico - Usuario: Actividad: Se inicia ValidarAcceso()
23:08:54.023 [AWT-EventQueue-0] INFO  Vista.loginInMedico - Usuario: Actividad: Se inicia ingresa: usuarioadmin
23:08:54.030 [AWT-EventQueue-0] INFO  Controlador.controladorBD - SistemaLogger.log
23:08:54.040 [AWT-EventQueue-0] INFO  Controlador.controladorBD - SistemaLogger.log
23:08:54.044 [AWT-EventQueue-0] INFO  Vista.loginInMedico - Usuario: Actividad: Se inicia sesión por: admin
23:08:54.044 [AWT-EventQueue-0] INFO  Controlador.controladorBD - SistemaLogger.log
23:08:54.045 [AWT-EventQueue-0] INFO  Vista.loginInMedico - Bienvenido al sistema
23:08:54.121 [AWT-EventQueue-0] INFO  Vista.vistaPrincipal - Usuario: Actividad: Se inicia el sistema control médico
23:08:55.369 [AWT-EventQueue-0] INFO  Vista.vistaCitas - SistemaLogger.log
23:08:55.379 [AWT-EventQueue-0] INFO  Vista.vistaCitas - SistemaLogger.log
23:08:59.718 [AWT-EventQueue-0] INFO  Vista.vistaCitas - SistemaLogger.log
23:09:00.521 [AWT-EventQueue-0] INFO  Vista.vistaPrincipal - Usuario: Actividad: Se inicia la vistaControlDatos()
23:09:03.742 [AWT-EventQueue-0] INFO  Vista.vistaCitas - SistemaLogger.log
23:09:03.751 [AWT-EventQueue-0] INFO  Vista.vistaCitas - SistemaLogger.log
23:09:09.140 [AWT-EventQueue-0] INFO  Vista.vistaCitas - SistemaLogger.log
23:09:46.082 [main] INFO  Vista.loginInMedico - Usuario: Actividad: Se inicia logInMedico()
23:09:51.281 [AWT-EventQueue-0] INFO  Vista.loginInMedico - Usuario: Actividad: Se inicia ValidarAcceso()
23:09:51.281 [AWT-EventQueue-0] INFO  Vista.loginInMedico - Usuario: Actividad: Se inicia ValidarAcceso()
23:09:51.561 [AWT-EventQueue-0] INFO  Vista.loginInMedico - Usuario: Actividad: Se inicia ingresa: usuarioadmin
23:09:51.568 [AWT-EventQueue-0] INFO  Controlador.controladorBD - SistemaLogger.log
23:09:51.577 [AWT-EventQueue-0] INFO  Controlador.controladorBD - SistemaLogger.log
23:09:51.583 [AWT-EventQueue-0] INFO  Vista.loginInMedico - Usuario: Actividad: Se inicia sesión por: admin
23:09:51.583 [AWT-EventQueue-0] INFO  Controlador.controladorBD - SistemaLogger.log
23:09:51.584 [AWT-EventQueue-0] INFO  Vista.loginInMedico - Bienvenido al sistema
23:09:51.661 [AWT-EventQueue-0] INFO  Vista.vistaPrincipal - Usuario: Actividad: Se inicia el sistema control médico
23:09:53.379 [AWT-EventQueue-0] INFO  Vista.vistaUsuarioPrincipal - SistemaLogger.log
23:09:53.379 [AWT-EventQueue-0] INFO  Controlador.controladorBD - SistemaLogger.log
23:09:57.782 [AWT-EventQueue-0] INFO  Vista.vistaPrincipal - Usuario: Actividad: Se inicia la vistaPacientes()
23:10:30.396 [AWT-EventQueue-0] INFO  Controlador.controladorBD - Usuario: Actividad: Se inicia insertarDatosMedicos()
23:10:30.396 [AWT-EventQueue-0] INFO  Controlador.controladorBD - com.mysql.cj.jdbc.ClientPreparedStatement: INSERT INTO tabla_medicos VALUES(0,'Mario Alberto','Barbosa','1234546',25,'Neurocirujano')
23:10:30.409 [AWT-EventQueue-0] INFO  Controlador.controladorBD - SistemaLogger.log
23:10:30.409 [AWT-EventQueue-0] INFO  Vista.vistaUnidadMedicaRegistroMedico - La operación fue exitosa.
23:10:35.384 [AWT-EventQueue-0] INFO  Vista.vistaPrincipal - Usuario: Actividad: Se inicia la vistaControlDatos()
23:10:38.831 [AWT-EventQueue-0] INFO  Vista.vistaCitas - SistemaLogger.log
23:10:38.841 [AWT-EventQueue-0] INFO  Vista.vistaCitas - SistemaLogger.log
23:10:47.707 [AWT-EventQueue-0] INFO  Controlador.controladorBD - Ejecutando obtenerListaMedicos
23:10:47.708 [AWT-EventQueue-0] INFO  Controlador.controladorBD - SistemaLogger.log
23:11:03.137 [AWT-EventQueue-0] INFO  Controlador.controladorBD - SistemaLogger.log
23:11:03.150 [AWT-EventQueue-0] INFO  Controlador.controladorBD - SistemaLogger.log
23:11:03.158 [AWT-EventQueue-0] INFO  Vista.vistaCitas - SistemaLogger.log
23:11:04.386 [AWT-EventQueue-0] INFO  Vista.vistaCitas - SistemaLogger.log
23:11:04.395 [AWT-EventQueue-0] INFO  Vista.vistaCitas - SistemaLogger.log
23:11:12.902 [AWT-EventQueue-0] INFO  Vista.vistaCitas - SistemaLogger.log
23:21:55.025 [main] INFO  Vista.loginInMedico - Usuario: Actividad: Se inicia logInMedico()
23:22:00.486 [AWT-EventQueue-0] INFO  Vista.loginInMedico - Usuario: Actividad: Se inicia ValidarAcceso()
23:22:00.486 [AWT-EventQueue-0] INFO  Vista.loginInMedico - Usuario: Actividad: Se inicia ValidarAcceso()
23:22:00.779 [AWT-EventQueue-0] INFO  Vista.loginInMedico - Usuario: Actividad: Se inicia ingresa: usuarioadmin
23:22:00.787 [AWT-EventQueue-0] INFO  Controlador.controladorBD - SistemaLogger.log
23:22:00.795 [AWT-EventQueue-0] INFO  Controlador.controladorBD - SistemaLogger.log
23:22:00.799 [AWT-EventQueue-0] INFO  Vista.loginInMedico - Usuario: Actividad: Se inicia sesión por: admin
23:22:00.799 [AWT-EventQueue-0] INFO  Controlador.controladorBD - SistemaLogger.log
23:22:00.800 [AWT-EventQueue-0] INFO  Vista.loginInMedico - Bienvenido al sistema
23:22:00.881 [AWT-EventQueue-0] INFO  Vista.vistaPrincipal - Usuario: Actividad: Se inicia el sistema control médico
23:22:04.562 [AWT-EventQueue-0] INFO  Vista.vistaPrincipal - Usuario: Actividad: Se inicia la vistaControlDatos()
23:22:05.921 [AWT-EventQueue-0] INFO  Vista.vistaPrincipal - Usuario: Actividad: Se inicia la vistaPacientes()
23:22:13.005 [AWT-EventQueue-0] INFO  Controlador.controladorBD - SistemaLogger.log
23:22:13.013 [AWT-EventQueue-0] INFO  Controlador.controladorBD - SistemaLogger.log
23:22:13.014 [AWT-EventQueue-0] INFO  Controlador.controladorBD - SistemaLogger.log
23:22:15.198 [AWT-EventQueue-0] INFO  Vista.vistaPrincipal - Usuario: Actividad: Se inicia la vistaControlDatos()
23:22:18.572 [AWT-EventQueue-0] INFO  Vista.vistaCitas - SistemaLogger.log
23:22:18.580 [AWT-EventQueue-0] INFO  Vista.vistaCitas - SistemaLogger.log
23:22:22.528 [AWT-EventQueue-0] INFO  Vista.vistaCitas - SistemaLogger.log
23:27:34.849 [main] INFO  Vista.loginInMedico - Usuario: Actividad: Se inicia logInMedico()
23:27:39.363 [AWT-EventQueue-0] INFO  Vista.loginInMedico - Usuario: Actividad: Se inicia ValidarAcceso()
23:27:39.363 [AWT-EventQueue-0] INFO  Vista.loginInMedico - Usuario: Actividad: Se inicia ValidarAcceso()
23:27:39.647 [AWT-EventQueue-0] INFO  Vista.loginInMedico - Usuario: Actividad: Se inicia ingresa: usuarioadmin
23:27:39.654 [AWT-EventQueue-0] INFO  Controlador.controladorBD - SistemaLogger.log
23:27:39.663 [AWT-EventQueue-0] INFO  Controlador.controladorBD - SistemaLogger.log
23:27:39.669 [AWT-EventQueue-0] INFO  Vista.loginInMedico - Usuario: Actividad: Se inicia sesión por: admin
23:27:39.669 [AWT-EventQueue-0] INFO  Controlador.controladorBD - SistemaLogger.log
23:27:39.670 [AWT-EventQueue-0] INFO  Vista.loginInMedico - Bienvenido al sistema
23:27:39.748 [AWT-EventQueue-0] INFO  Vista.vistaPrincipal - Usuario: Actividad: Se inicia el sistema control médico
23:27:40.693 [AWT-EventQueue-0] INFO  Vista.vistaPrincipal - Usuario: Actividad: Se inicia la vistaControlDatos()
23:27:43.044 [AWT-EventQueue-0] INFO  Vista.vistaCitas - SistemaLogger.log
23:27:43.053 [AWT-EventQueue-0] INFO  Vista.vistaCitas - SistemaLogger.log
23:27:45.193 [AWT-EventQueue-0] INFO  Vista.vistaCitas - SistemaLogger.log
23:27:49.365 [AWT-EventQueue-0] INFO  Controlador.controladorBD - Ejecutando obtenerListaMedicos
23:27:49.366 [AWT-EventQueue-0] INFO  Controlador.controladorBD - SistemaLogger.log
23:27:54.122 [AWT-EventQueue-0] INFO  Vista.vistaCitas - SistemaLogger.log
23:27:55.355 [AWT-EventQueue-0] INFO  Vista.vistaCitas - SistemaLogger.log
22:14:37.699 [main] INFO  Vista.loginInMedico - Usuario: Actividad: Se inicia logInMedico()
22:14:42.535 [AWT-EventQueue-0] INFO  Vista.loginInMedico - Usuario: Actividad: Se inicia ValidarAcceso()
22:14:42.535 [AWT-EventQueue-0] INFO  Vista.loginInMedico - Usuario: Actividad: Se inicia ValidarAcceso()
22:14:43.080 [AWT-EventQueue-0] INFO  Vista.loginInMedico - Usuario: Actividad: Se inicia ingresa: usuarioadmin
22:14:43.086 [AWT-EventQueue-0] INFO  Controlador.controladorBD - SistemaLogger.log
22:14:43.096 [AWT-EventQueue-0] INFO  Controlador.controladorBD - SistemaLogger.log
22:14:43.101 [AWT-EventQueue-0] INFO  Vista.loginInMedico - Usuario: Actividad: Se inicia sesión por: admin
22:14:43.101 [AWT-EventQueue-0] INFO  Controlador.controladorBD - SistemaLogger.log
22:14:43.102 [AWT-EventQueue-0] INFO  Vista.loginInMedico - Bienvenido al sistema
22:14:43.188 [AWT-EventQueue-0] INFO  Vista.vistaPrincipal - Usuario: Actividad: Se inicia el sistema control médico
22:15:14.339 [AWT-EventQueue-0] INFO  Controlador.controladorBD - Usuario: Actividad: Se inicia insertarDatosMedicos()
22:15:14.339 [AWT-EventQueue-0] INFO  Controlador.controladorBD - com.mysql.cj.jdbc.ClientPreparedStatement: INSERT INTO tabla_medicos VALUES(0,'Daniel ','Barbosa','123456789',32,'Medico general')
22:15:14.355 [AWT-EventQueue-0] INFO  Controlador.controladorBD - SistemaLogger.log
22:15:14.355 [AWT-EventQueue-0] INFO  Vista.vistaUnidadMedicaRegistroMedico - La operación fue exitosa.
22:15:22.800 [AWT-EventQueue-0] INFO  Controlador.controladorBD - Ejecutando obtenerListaMedicos
22:15:22.800 [AWT-EventQueue-0] INFO  Controlador.controladorBD - SistemaLogger.log
22:15:22.900 [AWT-EventQueue-0] INFO  Vista.vistaPrincipal - Usuario: Actividad: Se inicia la vistaRegistroPaciente()
22:15:22.912 [AWT-EventQueue-0] INFO  Vista.vistaPrincipal - Usuario: Actividad: Se cierra la vistaRegistroPaciente()
22:15:23.807 [AWT-EventQueue-0] INFO  Controlador.controladorBD - Ejecutando obtenerListaMedicos
22:15:23.809 [AWT-EventQueue-0] INFO  Controlador.controladorBD - SistemaLogger.log
22:15:27.056 [AWT-EventQueue-0] INFO  Controlador.controladorBD - SistemaLogger.log
22:15:27.072 [AWT-EventQueue-0] INFO  Controlador.controladorBD - SistemaLogger.log
22:15:27.079 [AWT-EventQueue-0] INFO  Controlador.controladorBD - SistemaLogger.log
22:15:27.105 [AWT-EventQueue-0] INFO  Controlador.controladorBD - Ejecutando obtenerListaMedicos
22:15:27.106 [AWT-EventQueue-0] INFO  Controlador.controladorBD - SistemaLogger.log
22:15:27.150 [AWT-EventQueue-0] INFO  Controlador.controladorBD - Ejecutando obtenerListaMedicos
22:15:27.151 [AWT-EventQueue-0] INFO  Controlador.controladorBD - SistemaLogger.log
22:15:29.806 [AWT-EventQueue-0] INFO  Vista.vistaPrincipal - Usuario: Actividad: Se inicia el sistema control médico
22:15:31.966 [AWT-EventQueue-0] INFO  Vista.vistaPrincipal - Usuario: Actividad: Se inicia la vistaControlDatos()
22:15:33.731 [AWT-EventQueue-0] INFO  Vista.vistaPrincipal - Usuario: Actividad: Se inicia la vistaPacientes()
22:15:36.085 [AWT-EventQueue-0] INFO  Controlador.controladorBD - SistemaLogger.log
22:15:36.092 [AWT-EventQueue-0] INFO  Controlador.controladorBD - SistemaLogger.log
22:15:36.093 [AWT-EventQueue-0] INFO  Controlador.controladorBD - SistemaLogger.log
22:15:41.936 [AWT-EventQueue-0] INFO  Vista.vistaUsuarioPrincipal - SistemaLogger.log
22:15:41.936 [AWT-EventQueue-0] INFO  Controlador.controladorBD - SistemaLogger.log
22:15:47.752 [AWT-EventQueue-0] INFO  Vista.vistaCitas - SistemaLogger.log
22:15:47.759 [AWT-EventQueue-0] INFO  Vista.vistaCitas - SistemaLogger.log
22:15:50.542 [AWT-EventQueue-0] INFO  Vista.vistaCitas - SistemaLogger.log
22:15:52.670 [AWT-EventQueue-0] INFO  Controlador.controladorBD - Ejecutando obtenerListaMedicos
22:15:52.670 [AWT-EventQueue-0] INFO  Controlador.controladorBD - SistemaLogger.log
22:15:52.690 [AWT-EventQueue-0] INFO  Vista.vistaPrincipal - Usuario: Actividad: Se inicia la vistaRegistroPaciente()
22:15:52.700 [AWT-EventQueue-0] INFO  Vista.vistaPrincipal - Usuario: Actividad: Se cierra la vistaRegistroPaciente()
22:15:54.921 [AWT-EventQueue-0] INFO  Vista.vistaPrincipal - Usuario: Actividad: Se inicia el sistema control médico
22:15:55.442 [AWT-EventQueue-0] INFO  Vista.vistaCitas - SistemaLogger.log
22:15:55.450 [AWT-EventQueue-0] INFO  Vista.vistaCitas - SistemaLogger.log
22:16:05.443 [AWT-EventQueue-0] INFO  Vista.vistaCitas - SistemaLogger.log
22:16:06.673 [AWT-EventQueue-0] INFO  Controlador.controladorBD - Ejecutando obtenerListaMedicos
22:16:06.674 [AWT-EventQueue-0] INFO  Controlador.controladorBD - SistemaLogger.log
22:16:06.695 [AWT-EventQueue-0] INFO  Vista.vistaPrincipal - Usuario: Actividad: Se inicia la vistaRegistroPaciente()
22:16:06.705 [AWT-EventQueue-0] INFO  Vista.vistaPrincipal - Usuario: Actividad: Se cierra la vistaRegistroPaciente()
22:16:07.821 [AWT-EventQueue-0] INFO  Vista.vistaPrincipal - Usuario: Actividad: Se inicia el sistema control médico
22:16:09.584 [AWT-EventQueue-0] INFO  Vista.vistaPrincipal - Usuario: Actividad: Se inicia la vistaPacientes()
22:16:16.011 [AWT-EventQueue-0] INFO  Vista.vistaPrincipal - Usuario: Actividad: Se inicia la vistaControlDatos()
22:16:20.570 [AWT-EventQueue-0] INFO  Controlador.controladorBD - SistemaLogger.log
22:16:27.592 [AWT-EventQueue-0] INFO  Vista.vistaPrincipal - Usuario: El sistema finalizo correctamente.
22:24:33.696 [main] INFO  Vista.loginInMedico - Usuario: Actividad: Se inicia logInMedico()
22:24:38.646 [AWT-EventQueue-0] INFO  Vista.loginInMedico - Usuario: Actividad: Se inicia ValidarAcceso()
22:24:38.646 [AWT-EventQueue-0] INFO  Vista.loginInMedico - Usuario: Actividad: Se inicia ValidarAcceso()
22:24:38.936 [AWT-EventQueue-0] INFO  Vista.loginInMedico - Usuario: Actividad: Se inicia ingresa: usuarioadmin
22:24:38.943 [AWT-EventQueue-0] INFO  Controlador.controladorBD - SistemaLogger.log
22:24:38.955 [AWT-EventQueue-0] INFO  Controlador.controladorBD - SistemaLogger.log
22:24:38.959 [AWT-EventQueue-0] INFO  Vista.loginInMedico - Usuario: Actividad: Se inicia sesión por: admin
22:24:38.959 [AWT-EventQueue-0] INFO  Controlador.controladorBD - SistemaLogger.log
22:24:38.960 [AWT-EventQueue-0] INFO  Vista.loginInMedico - Bienvenido al sistema
22:24:39.047 [AWT-EventQueue-0] INFO  Vista.vistaPrincipal - Usuario: Actividad: Se inicia el sistema control médico
22:24:42.823 [AWT-EventQueue-0] INFO  Vista.vistaPrincipal - Usuario: Actividad: Se inicia la vistaPacientes()
22:25:01.285 [main] INFO  Vista.loginInMedico - Usuario: Actividad: Se inicia logInMedico()
22:25:05.820 [AWT-EventQueue-0] INFO  Vista.loginInMedico - Usuario: Actividad: Se inicia ValidarAcceso()
22:25:05.821 [AWT-EventQueue-0] INFO  Vista.loginInMedico - Usuario: Actividad: Se inicia ValidarAcceso()
22:25:06.112 [AWT-EventQueue-0] INFO  Vista.loginInMedico - Usuario: Actividad: Se inicia ingresa: usuarioadmin
22:25:06.117 [AWT-EventQueue-0] INFO  Controlador.controladorBD - SistemaLogger.log
22:25:06.126 [AWT-EventQueue-0] INFO  Controlador.controladorBD - SistemaLogger.log
22:25:06.132 [AWT-EventQueue-0] INFO  Vista.loginInMedico - Usuario: Actividad: Se inicia sesión por: admin
22:25:06.132 [AWT-EventQueue-0] INFO  Controlador.controladorBD - SistemaLogger.log
22:25:06.133 [AWT-EventQueue-0] INFO  Vista.loginInMedico - Bienvenido al sistema
22:25:06.217 [AWT-EventQueue-0] INFO  Vista.vistaPrincipal - Usuario: Actividad: Se inicia el sistema control médico
22:25:07.339 [AWT-EventQueue-0] INFO  Vista.vistaPrincipal - Usuario: Actividad: Se inicia la vistaPacientes()
22:25:09.539 [AWT-EventQueue-0] INFO  Controlador.controladorBD - SistemaLogger.log
22:25:26.943 [AWT-EventQueue-0] INFO  Controlador.controladorBD - SistemaLogger.log
22:27:45.714 [main] INFO  Vista.loginInMedico - Usuario: Actividad: Se inicia logInMedico()
22:27:50.384 [AWT-EventQueue-0] INFO  Vista.loginInMedico - Usuario: Actividad: Se inicia ValidarAcceso()
22:27:50.384 [AWT-EventQueue-0] INFO  Vista.loginInMedico - Usuario: Actividad: Se inicia ValidarAcceso()
22:27:50.667 [AWT-EventQueue-0] INFO  Vista.loginInMedico - Usuario: Actividad: Se inicia ingresa: usuarioadmin
22:27:50.674 [AWT-EventQueue-0] INFO  Controlador.controladorBD - SistemaLogger.log
22:27:50.681 [AWT-EventQueue-0] INFO  Controlador.controladorBD - SistemaLogger.log
22:27:50.686 [AWT-EventQueue-0] INFO  Vista.loginInMedico - Usuario: Actividad: Se inicia sesión por: admin
22:27:50.686 [AWT-EventQueue-0] INFO  Controlador.controladorBD - SistemaLogger.log
22:27:50.687 [AWT-EventQueue-0] INFO  Vista.loginInMedico - Bienvenido al sistema
22:27:50.771 [AWT-EventQueue-0] INFO  Vista.vistaPrincipal - Usuario: Actividad: Se inicia el sistema control médico
22:27:51.820 [AWT-EventQueue-0] INFO  Vista.vistaPrincipal - Usuario: Actividad: Se inicia la vistaPacientes()
22:27:53.560 [AWT-EventQueue-0] INFO  Controlador.controladorBD - SistemaLogger.log
22:28:20.352 [main] INFO  Vista.loginInMedico - Usuario: Actividad: Se inicia logInMedico()
22:28:23.918 [AWT-EventQueue-0] INFO  Vista.loginInMedico - Usuario: Actividad: Se inicia ValidarAcceso()
22:28:23.918 [AWT-EventQueue-0] INFO  Vista.loginInMedico - Usuario: Actividad: Se inicia ValidarAcceso()
22:28:24.195 [AWT-EventQueue-0] INFO  Vista.loginInMedico - Usuario: Actividad: Se inicia ingresa: usuarioadmin
22:28:24.202 [AWT-EventQueue-0] INFO  Controlador.controladorBD - SistemaLogger.log
22:28:24.209 [AWT-EventQueue-0] INFO  Controlador.controladorBD - SistemaLogger.log
22:28:24.213 [AWT-EventQueue-0] INFO  Vista.loginInMedico - Usuario: Actividad: Se inicia sesión por: admin
22:28:24.213 [AWT-EventQueue-0] INFO  Controlador.controladorBD - SistemaLogger.log
22:28:24.214 [AWT-EventQueue-0] INFO  Vista.loginInMedico - Bienvenido al sistema
22:28:24.297 [AWT-EventQueue-0] INFO  Vista.vistaPrincipal - Usuario: Actividad: Se inicia el sistema control médico
22:28:25.350 [AWT-EventQueue-0] INFO  Vista.vistaPrincipal - Usuario: Actividad: Se inicia la vistaPacientes()
22:28:26.869 [AWT-EventQueue-0] INFO  Controlador.controladorBD - SistemaLogger.log
22:30:46.189 [main] INFO  Vista.loginInMedico - Usuario: Actividad: Se inicia logInMedico()
22:30:56.068 [AWT-EventQueue-0] INFO  Vista.loginInMedico - Usuario: Actividad: Se inicia ValidarAcceso()
22:30:56.068 [AWT-EventQueue-0] INFO  Vista.loginInMedico - Usuario: Actividad: Se inicia ValidarAcceso()
22:30:56.342 [AWT-EventQueue-0] INFO  Vista.loginInMedico - Usuario: Actividad: Se inicia ingresa: usuarioadmin
22:30:56.348 [AWT-EventQueue-0] INFO  Controlador.controladorBD - SistemaLogger.log
22:30:56.356 [AWT-EventQueue-0] INFO  Controlador.controladorBD - SistemaLogger.log
22:30:56.360 [AWT-EventQueue-0] INFO  Vista.loginInMedico - Usuario: Actividad: Se inicia sesión por: admin
22:30:56.360 [AWT-EventQueue-0] INFO  Controlador.controladorBD - SistemaLogger.log
22:30:56.361 [AWT-EventQueue-0] INFO  Vista.loginInMedico - Bienvenido al sistema
22:30:56.444 [AWT-EventQueue-0] INFO  Vista.vistaPrincipal - Usuario: Actividad: Se inicia el sistema control médico
22:30:58.334 [AWT-EventQueue-0] INFO  Vista.vistaPrincipal - Usuario: Actividad: Se inicia la vistaPacientes()
22:31:01.503 [AWT-EventQueue-0] INFO  Controlador.controladorBD - SistemaLogger.log
22:31:01.503 [AWT-EventQueue-0] INFO  Controlador.controladorBD - SistemaLogger.log
22:31:07.958 [AWT-EventQueue-0] INFO  Controlador.controladorBD - SistemaLogger.log
22:31:07.965 [AWT-EventQueue-0] INFO  Controlador.controladorBD - SistemaLogger.log
22:31:07.966 [AWT-EventQueue-0] INFO  Controlador.controladorBD - SistemaLogger.log
22:31:10.746 [AWT-EventQueue-0] INFO  Vista.vistaPrincipal - Usuario: Actividad: Se inicia la vistaPacientes()
22:38:52.651 [main] INFO  Vista.loginInMedico - Usuario: Actividad: Se inicia logInMedico()
22:38:57.427 [AWT-EventQueue-0] INFO  Vista.loginInMedico - Usuario: Actividad: Se inicia ValidarAcceso()
22:38:57.428 [AWT-EventQueue-0] INFO  Vista.loginInMedico - Usuario: Actividad: Se inicia ValidarAcceso()
22:38:57.701 [AWT-EventQueue-0] INFO  Vista.loginInMedico - Usuario: Actividad: Se inicia ingresa: usuarioadmin
22:38:57.708 [AWT-EventQueue-0] INFO  Controlador.controladorBD - SistemaLogger.log
22:38:57.716 [AWT-EventQueue-0] INFO  Controlador.controladorBD - SistemaLogger.log
22:38:57.721 [AWT-EventQueue-0] INFO  Vista.loginInMedico - Usuario: Actividad: Se inicia sesión por: admin
22:38:57.721 [AWT-EventQueue-0] INFO  Controlador.controladorBD - SistemaLogger.log
22:38:57.722 [AWT-EventQueue-0] INFO  Vista.loginInMedico - Bienvenido al sistema
22:38:57.806 [AWT-EventQueue-0] INFO  Vista.vistaPrincipal - Usuario: Actividad: Se inicia el sistema control médico
22:38:58.730 [AWT-EventQueue-0] INFO  Vista.vistaPrincipal - Usuario: Actividad: Se inicia la vistaPacientes()
22:39:01.035 [AWT-EventQueue-0] INFO  Controlador.controladorBD - SistemaLogger.log
22:39:01.035 [AWT-EventQueue-0] INFO  Controlador.controladorBD - SistemaLogger.log
22:39:06.787 [AWT-EventQueue-0] INFO  Controlador.controladorBD - SistemaLogger.log
22:39:06.795 [AWT-EventQueue-0] INFO  Controlador.controladorBD - SistemaLogger.log
22:39:06.795 [AWT-EventQueue-0] INFO  Controlador.controladorBD - SistemaLogger.log
22:39:08.630 [AWT-EventQueue-0] INFO  Vista.vistaPrincipal - Usuario: Actividad: Se inicia la vistaPacientes()
22:39:12.366 [AWT-EventQueue-0] INFO  Controlador.controladorBD - SistemaLogger.log
22:39:12.367 [AWT-EventQueue-0] INFO  Controlador.controladorBD - SistemaLogger.log
22:39:15.579 [AWT-EventQueue-0] INFO  Vista.vistaPrincipal - Usuario: Actividad: Se inicia la vistaPacientes()
22:39:19.608 [AWT-EventQueue-0] INFO  Controlador.controladorBD - SistemaLogger.log
22:39:19.608 [AWT-EventQueue-0] INFO  Controlador.controladorBD - SistemaLogger.log
22:39:22.378 [AWT-EventQueue-0] INFO  Vista.vistaPrincipal - Usuario: El sistema finalizo correctamente.
22:43:31.169 [main] INFO  Vista.loginInMedico - Usuario: Actividad: Se inicia logInMedico()
22:43:35.848 [AWT-EventQueue-0] INFO  Vista.loginInMedico - Usuario: Actividad: Se inicia ValidarAcceso()
22:43:35.848 [AWT-EventQueue-0] INFO  Vista.loginInMedico - Usuario: Actividad: Se inicia ValidarAcceso()
22:43:36.120 [AWT-EventQueue-0] INFO  Vista.loginInMedico - Usuario: Actividad: Se inicia ingresa: usuarioadmin
22:43:36.127 [AWT-EventQueue-0] INFO  Controlador.controladorBD - SistemaLogger.log
22:43:36.139 [AWT-EventQueue-0] INFO  Controlador.controladorBD - SistemaLogger.log
22:43:36.143 [AWT-EventQueue-0] INFO  Vista.loginInMedico - Usuario: Actividad: Se inicia sesión por: admin
22:43:36.143 [AWT-EventQueue-0] INFO  Controlador.controladorBD - SistemaLogger.log
22:43:36.144 [AWT-EventQueue-0] INFO  Vista.loginInMedico - Bienvenido al sistema
22:43:36.227 [AWT-EventQueue-0] INFO  Vista.vistaPrincipal - Usuario: Actividad: Se inicia el sistema control médico
22:43:37.693 [AWT-EventQueue-0] INFO  Vista.vistaPrincipal - Usuario: Actividad: Se inicia la vistaPacientes()
22:43:41.665 [AWT-EventQueue-0] INFO  Controlador.controladorBD - SistemaLogger.log
22:43:41.673 [AWT-EventQueue-0] INFO  Controlador.controladorBD - SistemaLogger.log
22:43:43.695 [AWT-EventQueue-0] INFO  Controlador.controladorBD - SistemaLogger.log
22:43:43.703 [AWT-EventQueue-0] INFO  Controlador.controladorBD - SistemaLogger.log
22:43:46.008 [AWT-EventQueue-0] INFO  Controlador.controladorBD - SistemaLogger.log
22:43:46.009 [AWT-EventQueue-0] INFO  Controlador.controladorBD - SistemaLogger.log
22:43:48.360 [AWT-EventQueue-0] INFO  Controlador.controladorBD - SistemaLogger.log
22:43:48.368 [AWT-EventQueue-0] INFO  Controlador.controladorBD - SistemaLogger.log
22:43:49.720 [AWT-EventQueue-0] INFO  Controlador.controladorBD - SistemaLogger.log
22:43:49.737 [AWT-EventQueue-0] INFO  Controlador.controladorBD - SistemaLogger.log
22:43:50.949 [AWT-EventQueue-0] INFO  Controlador.controladorBD - SistemaLogger.log
22:43:50.957 [AWT-EventQueue-0] INFO  Controlador.controladorBD - SistemaLogger.log
22:43:52.672 [AWT-EventQueue-0] INFO  Controlador.controladorBD - SistemaLogger.log
22:43:52.679 [AWT-EventQueue-0] INFO  Controlador.controladorBD - SistemaLogger.log
22:43:54.169 [AWT-EventQueue-0] INFO  Controlador.controladorBD - SistemaLogger.log
22:43:54.175 [AWT-EventQueue-0] INFO  Controlador.controladorBD - SistemaLogger.log
22:43:57.062 [AWT-EventQueue-0] INFO  Controlador.controladorBD - SistemaLogger.log
22:43:57.069 [AWT-EventQueue-0] INFO  Controlador.controladorBD - SistemaLogger.log
22:44:07.626 [AWT-EventQueue-0] INFO  Vista.vistaUsuarioPrincipal - SistemaLogger.log
22:44:07.626 [AWT-EventQueue-0] INFO  Controlador.controladorBD - SistemaLogger.log
22:44:09.932 [AWT-EventQueue-0] INFO  Controlador.controladorBD - SistemaLogger.log
22:44:09.945 [AWT-EventQueue-0] INFO  Controlador.controladorBD - SistemaLogger.log
22:44:09.952 [AWT-EventQueue-0] INFO  Controlador.controladorBD - SistemaLogger.log
22:44:13.341 [AWT-EventQueue-0] INFO  Vista.vistaPrincipal - Usuario: Actividad: Se inicia la vistaControlDatos()
22:44:21.022 [AWT-EventQueue-0] INFO  Vista.vistaPrincipal - Usuario: El sistema finalizo correctamente.
20:49:09.815 [main] INFO  Vista.loginInMedico - Usuario: Actividad: Se inicia logInMedico()
20:49:15.367 [AWT-EventQueue-0] INFO  Vista.loginInMedico - Usuario: Actividad: Se inicia ValidarAcceso()
20:49:15.367 [AWT-EventQueue-0] INFO  Vista.loginInMedico - Usuario: Actividad: Se inicia ValidarAcceso()
20:49:15.652 [AWT-EventQueue-0] INFO  Vista.loginInMedico - Usuario: Actividad: Se inicia ingresa: usuarioadmin
20:49:15.658 [AWT-EventQueue-0] INFO  Controlador.controladorBD - SistemaLogger.log
20:49:15.670 [AWT-EventQueue-0] INFO  Controlador.controladorBD - SistemaLogger.log
20:49:15.674 [AWT-EventQueue-0] INFO  Vista.loginInMedico - Usuario: Actividad: Se inicia sesión por: admin
20:49:15.674 [AWT-EventQueue-0] INFO  Controlador.controladorBD - SistemaLogger.log
20:49:15.675 [AWT-EventQueue-0] INFO  Vista.loginInMedico - Bienvenido al sistema
20:49:17.036 [AWT-EventQueue-0] INFO  Vista.vistaPrincipal - Usuario: Actividad: Se inicia el sistema control médico
20:49:36.790 [AWT-EventQueue-0] INFO  Vista.vistaPrincipal - Usuario: Actividad: Se inicia la vistaPacientes()
20:49:38.787 [AWT-EventQueue-0] INFO  Controlador.controladorBD - SistemaLogger.log
20:49:38.795 [AWT-EventQueue-0] INFO  Controlador.controladorBD - SistemaLogger.log
20:49:38.795 [AWT-EventQueue-0] INFO  Controlador.controladorBD - SistemaLogger.log
20:52:13.291 [main] INFO  Vista.loginInMedico - Usuario: Actividad: Se inicia logInMedico()
20:52:18.837 [AWT-EventQueue-0] INFO  Vista.loginInMedico - Usuario: Actividad: Se inicia ValidarAcceso()
20:52:18.837 [AWT-EventQueue-0] INFO  Vista.loginInMedico - Usuario: Actividad: Se inicia ValidarAcceso()
20:52:19.114 [AWT-EventQueue-0] INFO  Vista.loginInMedico - Usuario: Actividad: Se inicia ingresa: usuarioadmin
20:52:19.120 [AWT-EventQueue-0] INFO  Controlador.controladorBD - SistemaLogger.log
20:52:19.130 [AWT-EventQueue-0] INFO  Controlador.controladorBD - SistemaLogger.log
20:52:19.134 [AWT-EventQueue-0] INFO  Vista.loginInMedico - Usuario: Actividad: Se inicia sesión por: admin
20:52:19.134 [AWT-EventQueue-0] INFO  Controlador.controladorBD - SistemaLogger.log
20:52:19.135 [AWT-EventQueue-0] INFO  Vista.loginInMedico - Bienvenido al sistema
20:52:20.301 [AWT-EventQueue-0] INFO  Vista.vistaPrincipal - Usuario: Actividad: Se inicia el sistema control médico
20:52:21.174 [AWT-EventQueue-0] INFO  Vista.vistaPrincipal - Usuario: Actividad: Se inicia la vistaPacientes()
20:52:24.572 [AWT-EventQueue-0] INFO  Controlador.controladorBD - SistemaLogger.log
20:52:24.580 [AWT-EventQueue-0] INFO  Controlador.controladorBD - SistemaLogger.log
20:52:24.580 [AWT-EventQueue-0] INFO  Controlador.controladorBD - SistemaLogger.log
20:52:27.746 [AWT-EventQueue-0] INFO  Controlador.controladorBD - SistemaLogger.log
20:52:27.753 [AWT-EventQueue-0] INFO  Controlador.controladorBD - SistemaLogger.log
20:52:27.754 [AWT-EventQueue-0] INFO  Controlador.controladorBD - SistemaLogger.log
20:52:37.901 [AWT-EventQueue-0] INFO  Vista.vistaPrincipal - Usuario: El sistema finalizo correctamente.
21:00:27.047 [main] INFO  Vista.loginInMedico - Usuario: Actividad: Se inicia logInMedico()
21:00:32.587 [AWT-EventQueue-0] INFO  Vista.loginInMedico - Usuario: Actividad: Se inicia ValidarAcceso()
21:00:32.588 [AWT-EventQueue-0] INFO  Vista.loginInMedico - Usuario: Actividad: Se inicia ValidarAcceso()
21:00:32.888 [AWT-EventQueue-0] INFO  Vista.loginInMedico - Usuario: Actividad: Se inicia ingresa: usuarioadmin
21:00:32.895 [AWT-EventQueue-0] INFO  Controlador.controladorBD - SistemaLogger.log
21:00:32.906 [AWT-EventQueue-0] INFO  Controlador.controladorBD - SistemaLogger.log
21:00:32.911 [AWT-EventQueue-0] INFO  Vista.loginInMedico - Usuario: Actividad: Se inicia sesión por: admin
21:00:32.912 [AWT-EventQueue-0] INFO  Controlador.controladorBD - SistemaLogger.log
21:00:32.913 [AWT-EventQueue-0] INFO  Vista.loginInMedico - Bienvenido al sistema
21:00:34.193 [AWT-EventQueue-0] INFO  Vista.vistaPrincipal - Usuario: Actividad: Se inicia el sistema control médico
21:00:35.057 [AWT-EventQueue-0] INFO  Vista.vistaPrincipal - Usuario: Actividad: Se inicia la vistaPacientes()
21:00:43.338 [AWT-EventQueue-0] INFO  Controlador.controladorBD - SistemaLogger.log
21:00:43.347 [AWT-EventQueue-0] INFO  Controlador.controladorBD - SistemaLogger.log
21:00:43.348 [AWT-EventQueue-0] INFO  Controlador.controladorBD - SistemaLogger.log
21:00:48.481 [AWT-EventQueue-0] INFO  Vista.vistaCitas - SistemaLogger.log
21:00:48.489 [AWT-EventQueue-0] INFO  Vista.vistaCitas - SistemaLogger.log
21:00:49.565 [AWT-EventQueue-0] INFO  Vista.vistaCitas - SistemaLogger.log
21:00:52.189 [AWT-EventQueue-0] INFO  Vista.vistaPrincipal - Usuario: Actividad: Se inicia la vistaPacientes()
21:00:55.299 [AWT-EventQueue-0] INFO  Controlador.controladorBD - SistemaLogger.log
21:00:55.307 [AWT-EventQueue-0] INFO  Controlador.controladorBD - SistemaLogger.log
21:00:55.307 [AWT-EventQueue-0] INFO  Controlador.controladorBD - SistemaLogger.log
21:01:03.463 [AWT-EventQueue-0] INFO  Vista.vistaCitas - SistemaLogger.log
21:01:03.472 [AWT-EventQueue-0] INFO  Vista.vistaCitas - SistemaLogger.log
21:01:07.389 [AWT-EventQueue-0] INFO  Controlador.controladorBD - Ejecutando obtenerListaMedicos
21:01:07.389 [AWT-EventQueue-0] INFO  Controlador.controladorBD - SistemaLogger.log
21:01:09.074 [AWT-EventQueue-0] INFO  Vista.vistaCitas - SistemaLogger.log
21:01:10.447 [AWT-EventQueue-0] INFO  Vista.vistaCitas - SistemaLogger.log
21:01:14.851 [AWT-EventQueue-0] INFO  Vista.vistaPrincipal - Usuario: Actividad: Se inicia la vistaPacientes()
21:07:06.796 [main] INFO  Vista.loginInMedico - Usuario: Actividad: Se inicia logInMedico()
21:07:12.005 [AWT-EventQueue-0] INFO  Vista.loginInMedico - Usuario: Actividad: Se inicia ValidarAcceso()
21:07:12.005 [AWT-EventQueue-0] INFO  Vista.loginInMedico - Usuario: Actividad: Se inicia ValidarAcceso()
21:07:12.282 [AWT-EventQueue-0] INFO  Vista.loginInMedico - Usuario: Actividad: Se inicia ingresa: usuarioadmin
21:07:12.288 [AWT-EventQueue-0] INFO  Controlador.controladorBD - SistemaLogger.log
21:07:12.299 [AWT-EventQueue-0] INFO  Controlador.controladorBD - SistemaLogger.log
21:07:12.303 [AWT-EventQueue-0] INFO  Vista.loginInMedico - Usuario: Actividad: Se inicia sesión por: admin
21:07:12.303 [AWT-EventQueue-0] INFO  Controlador.controladorBD - SistemaLogger.log
21:07:12.304 [AWT-EventQueue-0] INFO  Vista.loginInMedico - Bienvenido al sistema
21:07:13.512 [AWT-EventQueue-0] INFO  Vista.vistaPrincipal - Usuario: Actividad: Se inicia el sistema control médico
21:07:16.976 [AWT-EventQueue-0] INFO  Vista.vistaPrincipal - Usuario: Actividad: Se inicia la vistaPacientes()
21:07:20.417 [AWT-EventQueue-0] INFO  Controlador.controladorBD - SistemaLogger.log
21:07:20.426 [AWT-EventQueue-0] INFO  Controlador.controladorBD - SistemaLogger.log
21:07:20.426 [AWT-EventQueue-0] INFO  Controlador.controladorBD - SistemaLogger.log
21:07:23.274 [AWT-EventQueue-0] INFO  Vista.vistaCitas - SistemaLogger.log
21:07:23.286 [AWT-EventQueue-0] INFO  Vista.vistaCitas - SistemaLogger.log
21:19:00.508 [main] INFO  Vista.loginInMedico - Usuario: Actividad: Se inicia logInMedico()
21:19:06.215 [AWT-EventQueue-0] INFO  Vista.loginInMedico - Usuario: Actividad: Se inicia ValidarAcceso()
21:19:06.215 [AWT-EventQueue-0] INFO  Vista.loginInMedico - Usuario: Actividad: Se inicia ValidarAcceso()
21:19:06.496 [AWT-EventQueue-0] INFO  Vista.loginInMedico - Usuario: Actividad: Se inicia ingresa: usuarioadmin
21:19:06.504 [AWT-EventQueue-0] INFO  Controlador.controladorBD - SistemaLogger.log
21:19:06.516 [AWT-EventQueue-0] INFO  Controlador.controladorBD - SistemaLogger.log
21:19:06.520 [AWT-EventQueue-0] INFO  Vista.loginInMedico - Usuario: Actividad: Se inicia sesión por: admin
21:19:06.520 [AWT-EventQueue-0] INFO  Controlador.controladorBD - SistemaLogger.log
21:19:06.521 [AWT-EventQueue-0] INFO  Vista.loginInMedico - Bienvenido al sistema
21:19:07.693 [AWT-EventQueue-0] INFO  Vista.vistaPrincipal - Usuario: Actividad: Se inicia el sistema control médico
21:19:09.238 [AWT-EventQueue-0] INFO  Vista.vistaPrincipal - Usuario: Actividad: Se inicia la vistaPacientes()
21:19:11.180 [AWT-EventQueue-0] INFO  Controlador.controladorBD - SistemaLogger.log
21:19:11.188 [AWT-EventQueue-0] INFO  Controlador.controladorBD - SistemaLogger.log
21:19:11.189 [AWT-EventQueue-0] INFO  Controlador.controladorBD - SistemaLogger.log
21:19:13.993 [AWT-EventQueue-0] INFO  Vista.vistaCitas - SistemaLogger.log
21:19:14.000 [AWT-EventQueue-0] INFO  Vista.vistaCitas - SistemaLogger.log
21:19:19.913 [AWT-EventQueue-0] INFO  Vista.vistaCitas - SistemaLogger.log
21:19:32.991 [main] INFO  Vista.loginInMedico - Usuario: Actividad: Se inicia logInMedico()
21:19:37.643 [AWT-EventQueue-0] INFO  Vista.loginInMedico - Usuario: Actividad: Se inicia ValidarAcceso()
21:19:37.643 [AWT-EventQueue-0] INFO  Vista.loginInMedico - Usuario: Actividad: Se inicia ValidarAcceso()
21:19:37.925 [AWT-EventQueue-0] INFO  Vista.loginInMedico - Usuario: Actividad: Se inicia ingresa: usuarioadmin
21:19:37.932 [AWT-EventQueue-0] INFO  Controlador.controladorBD - SistemaLogger.log
21:19:37.940 [AWT-EventQueue-0] INFO  Controlador.controladorBD - SistemaLogger.log
21:19:37.944 [AWT-EventQueue-0] INFO  Vista.loginInMedico - Usuario: Actividad: Se inicia sesión por: admin
21:19:37.944 [AWT-EventQueue-0] INFO  Controlador.controladorBD - SistemaLogger.log
21:19:37.946 [AWT-EventQueue-0] INFO  Vista.loginInMedico - Bienvenido al sistema
21:19:39.266 [AWT-EventQueue-0] INFO  Vista.vistaPrincipal - Usuario: Actividad: Se inicia el sistema control médico
21:19:40.616 [AWT-EventQueue-0] INFO  Vista.vistaPrincipal - Usuario: Actividad: Se inicia la vistaPacientes()
21:19:43.695 [AWT-EventQueue-0] INFO  Controlador.controladorBD - SistemaLogger.log
21:19:43.703 [AWT-EventQueue-0] INFO  Controlador.controladorBD - SistemaLogger.log
21:19:43.703 [AWT-EventQueue-0] INFO  Controlador.controladorBD - SistemaLogger.log
21:19:44.505 [AWT-EventQueue-0] INFO  Vista.vistaCitas - SistemaLogger.log
21:19:44.512 [AWT-EventQueue-0] INFO  Vista.vistaCitas - SistemaLogger.log
21:19:48.506 [AWT-EventQueue-0] INFO  Vista.vistaCitas - SistemaLogger.log
21:20:02.748 [main] INFO  Vista.loginInMedico - Usuario: Actividad: Se inicia logInMedico()
21:20:07.059 [AWT-EventQueue-0] INFO  Vista.loginInMedico - Usuario: Actividad: Se inicia ValidarAcceso()
21:20:07.059 [AWT-EventQueue-0] INFO  Vista.loginInMedico - Usuario: Actividad: Se inicia ValidarAcceso()
21:20:07.340 [AWT-EventQueue-0] INFO  Vista.loginInMedico - Usuario: Actividad: Se inicia ingresa: usuarioadmin
21:20:07.346 [AWT-EventQueue-0] INFO  Controlador.controladorBD - SistemaLogger.log
21:20:07.355 [AWT-EventQueue-0] INFO  Controlador.controladorBD - SistemaLogger.log
21:20:07.359 [AWT-EventQueue-0] INFO  Vista.loginInMedico - Usuario: Actividad: Se inicia sesión por: admin
21:20:07.359 [AWT-EventQueue-0] INFO  Controlador.controladorBD - SistemaLogger.log
21:20:07.360 [AWT-EventQueue-0] INFO  Vista.loginInMedico - Bienvenido al sistema
21:20:08.437 [AWT-EventQueue-0] INFO  Vista.vistaPrincipal - Usuario: Actividad: Se inicia el sistema control médico
21:20:10.266 [AWT-EventQueue-0] INFO  Vista.vistaPrincipal - Usuario: Actividad: Se inicia la vistaPacientes()
21:20:12.785 [AWT-EventQueue-0] INFO  Controlador.controladorBD - SistemaLogger.log
21:20:12.793 [AWT-EventQueue-0] INFO  Controlador.controladorBD - SistemaLogger.log
21:20:12.794 [AWT-EventQueue-0] INFO  Controlador.controladorBD - SistemaLogger.log
21:20:13.626 [AWT-EventQueue-0] INFO  Controlador.controladorBD - SistemaLogger.log
21:20:13.633 [AWT-EventQueue-0] INFO  Controlador.controladorBD - SistemaLogger.log
21:20:13.635 [AWT-EventQueue-0] INFO  Controlador.controladorBD - SistemaLogger.log
21:20:16.386 [AWT-EventQueue-0] INFO  Controlador.controladorBD - SistemaLogger.log
21:20:16.394 [AWT-EventQueue-0] INFO  Controlador.controladorBD - SistemaLogger.log
21:20:16.395 [AWT-EventQueue-0] INFO  Controlador.controladorBD - SistemaLogger.log
21:20:17.220 [AWT-EventQueue-0] INFO  Vista.vistaCitas - SistemaLogger.log
21:20:17.228 [AWT-EventQueue-0] INFO  Vista.vistaCitas - SistemaLogger.log
21:20:22.453 [AWT-EventQueue-0] INFO  Vista.vistaCitas - SistemaLogger.log
21:20:26.865 [AWT-EventQueue-0] INFO  Vista.vistaCitas - SistemaLogger.log
21:20:36.935 [AWT-EventQueue-0] INFO  Vista.vistaCitas - SistemaLogger.log
21:20:39.578 [AWT-EventQueue-0] INFO  Vista.vistaUsuarioPrincipal - SistemaLogger.log
21:20:39.578 [AWT-EventQueue-0] INFO  Controlador.controladorBD - SistemaLogger.log
21:20:45.311 [AWT-EventQueue-0] INFO  Vista.vistaCitas - SistemaLogger.log
21:20:45.318 [AWT-EventQueue-0] INFO  Vista.vistaCitas - SistemaLogger.log
21:20:46.186 [AWT-EventQueue-0] INFO  Vista.vistaCitas - SistemaLogger.log
21:20:46.898 [AWT-EventQueue-0] INFO  Controlador.controladorBD - Ejecutando obtenerListaMedicos
21:20:46.899 [AWT-EventQueue-0] INFO  Controlador.controladorBD - SistemaLogger.log
21:20:46.973 [AWT-EventQueue-0] INFO  Vista.vistaPrincipal - Usuario: Actividad: Se inicia la vistaRegistroPaciente()
21:20:46.983 [AWT-EventQueue-0] INFO  Vista.vistaPrincipal - Usuario: Actividad: Se cierra la vistaRegistroPaciente()
21:20:48.852 [AWT-EventQueue-0] INFO  Controlador.controladorBD - Ejecutando obtenerListaMedicos
21:20:48.853 [AWT-EventQueue-0] INFO  Controlador.controladorBD - SistemaLogger.log
21:20:56.607 [AWT-EventQueue-0] INFO  Controlador.controladorBD - SistemaLogger.log
21:20:56.622 [AWT-EventQueue-0] INFO  Controlador.controladorBD - SistemaLogger.log
21:20:56.623 [AWT-EventQueue-0] INFO  Controlador.controladorBD - SistemaLogger.log
21:20:56.651 [AWT-EventQueue-0] INFO  Controlador.controladorBD - Ejecutando obtenerListaMedicos
21:20:56.651 [AWT-EventQueue-0] INFO  Controlador.controladorBD - SistemaLogger.log
21:20:56.698 [AWT-EventQueue-0] INFO  Controlador.controladorBD - Ejecutando obtenerListaMedicos
21:20:56.699 [AWT-EventQueue-0] INFO  Controlador.controladorBD - SistemaLogger.log
21:20:57.864 [AWT-EventQueue-0] INFO  Vista.vistaPrincipal - Usuario: Actividad: Se inicia el sistema control médico
21:21:00.407 [AWT-EventQueue-0] INFO  Vista.vistaPrincipal - Usuario: El sistema finalizo correctamente.
